0 verbose cli /home/maayanngoma/.config/nvm/versions/node/v24.14.1/bin/node /home/maayanngoma/.config/nvm/versions/node/v24.14.1/bin/npm
1 info using npm@11.11.0
2 info using node@v24.14.1
3 silly config load:file:/home/maayanngoma/.config/nvm/versions/node/v24.14.1/lib/node_modules/npm/npmrc
4 silly config load:file:/home/maayanngoma/.npmrc
5 silly config load:file:/home/maayanngoma/.config/nvm/versions/node/v24.14.1/etc/npmrc
6 verbose title npm init
7 verbose argv "init" "--yes"
8 verbose logfile logs-max:10 dir:/home/maayanngoma/.npm/_logs/2026-04-11T14_32_24_526Z-
9 verbose logfile /home/maayanngoma/.npm/_logs/2026-04-11T14_32_24_526Z-debug-0.log
10 silly logfile done cleaning log files
11 silly package data {
11 silly package data   name: 'simbaapp',
11 silly package data   version: '1.0.0',
11 silly package data   description: '',
11 silly package data   main: 'index.js',
11 silly package data   scripts: { test: 'echo "Error: no test specified" && exit 1' },
11 silly package data   keywords: [],
11 silly package data   author: '',
11 silly package data   license: 'ISC',
11 silly package data   type: 'commonjs'
11 silly package data }
12 verbose cwd /home/maayanngoma/SimbaApp
13 verbose os Linux 6.6.99-09128-g14e87a8a9b71
14 verbose node v24.14.1
15 verbose npm  v11.11.0
16 verbose exit 0
17 info ok
