0 verbose cli /home/maayanngoma/.config/nvm/versions/node/v24.14.1/bin/node /home/maayanngoma/.config/nvm/versions/node/v24.14.1/bin/npm
1 info using npm@11.11.0
2 info using node@v24.14.1
3 silly config load:file:/home/maayanngoma/.config/nvm/versions/node/v24.14.1/lib/node_modules/npm/npmrc
4 silly config load:file:/home/maayanngoma/.npmrc
5 silly config load:file:/home/maayanngoma/.config/nvm/versions/node/v24.14.1/etc/npmrc
6 verbose title npm install @capacitor/core @capacitor/cli
7 verbose argv "install" "@capacitor/core" "@capacitor/cli"
8 verbose logfile logs-max:10 dir:/home/maayanngoma/.npm/_logs/2026-04-11T14_17_17_048Z-
9 verbose logfile /home/maayanngoma/.npm/_logs/2026-04-11T14_17_17_048Z-debug-0.log
10 silly logfile done cleaning log files
11 silly packumentCache heap:1642070016 maxSize:410517504 maxEntrySize:205258752
12 silly idealTree buildDeps
13 silly fetch manifest @capacitor/core@*
14 silly packumentCache full:https://registry.npmjs.org/@capacitor%2fcore cache-miss
15 http fetch GET 200 https://registry.npmjs.org/npm 1533ms
16 http fetch GET 200 https://registry.npmjs.org/@capacitor%2fcore 2207ms (cache miss)
17 silly packumentCache full:https://registry.npmjs.org/@capacitor%2fcore set size:undefined disposed:false
18 silly fetch manifest @capacitor/cli@*
19 silly packumentCache full:https://registry.npmjs.org/@capacitor%2fcli cache-miss
20 http fetch GET 200 https://registry.npmjs.org/@capacitor%2fcli 2034ms (cache miss)
21 silly packumentCache full:https://registry.npmjs.org/@capacitor%2fcli set size:undefined disposed:false
22 silly placeDep ROOT @capacitor/cli@8.3.0 OK for:  want: *
23 silly placeDep ROOT @capacitor/core@8.3.0 OK for:  want: *
24 silly fetch manifest tar@^7.5.3
25 silly packumentCache full:https://registry.npmjs.org/tar cache-miss
26 http fetch GET 200 https://registry.npmjs.org/tar 192ms (cache miss)
27 silly packumentCache full:https://registry.npmjs.org/tar set size:undefined disposed:false
28 silly fetch manifest open@^8.4.0
29 silly packumentCache full:https://registry.npmjs.org/open cache-miss
30 http fetch GET 200 https://registry.npmjs.org/open 141ms (cache miss)
31 silly packumentCache full:https://registry.npmjs.org/open set size:undefined disposed:false
32 silly fetch manifest debug@^4.4.0
33 silly packumentCache full:https://registry.npmjs.org/debug cache-miss
34 http fetch GET 200 https://registry.npmjs.org/debug 153ms (cache miss)
35 silly packumentCache full:https://registry.npmjs.org/debug set size:undefined disposed:false
36 silly fetch manifest kleur@^4.1.5
37 silly packumentCache full:https://registry.npmjs.org/kleur cache-miss
38 http fetch GET 200 https://registry.npmjs.org/kleur 439ms (cache miss)
39 silly packumentCache full:https://registry.npmjs.org/kleur set size:undefined disposed:false
40 silly fetch manifest plist@^3.1.0
41 silly packumentCache full:https://registry.npmjs.org/plist cache-miss
42 http fetch GET 200 https://registry.npmjs.org/plist 123ms (cache miss)
43 silly packumentCache full:https://registry.npmjs.org/plist set size:undefined disposed:false
44 silly fetch manifest tslib@^2.8.1
45 silly packumentCache full:https://registry.npmjs.org/tslib cache-miss
46 http fetch GET 200 https://registry.npmjs.org/tslib 446ms (cache miss)
47 silly packumentCache full:https://registry.npmjs.org/tslib set size:undefined disposed:false
48 silly fetch manifest rimraf@^6.0.1
49 silly packumentCache full:https://registry.npmjs.org/rimraf cache-miss
50 http fetch GET 200 https://registry.npmjs.org/rimraf 473ms (cache miss)
51 silly packumentCache full:https://registry.npmjs.org/rimraf set size:undefined disposed:false
52 silly fetch manifest semver@^7.6.3
53 silly packumentCache full:https://registry.npmjs.org/semver cache-miss
54 http fetch GET 200 https://registry.npmjs.org/semver 184ms (cache miss)
55 silly packumentCache full:https://registry.npmjs.org/semver set size:undefined disposed:false
56 silly fetch manifest xml2js@^0.6.2
57 silly packumentCache full:https://registry.npmjs.org/xml2js cache-miss
58 http fetch GET 200 https://registry.npmjs.org/xml2js 150ms (cache miss)
59 silly packumentCache full:https://registry.npmjs.org/xml2js set size:undefined disposed:false
60 silly fetch manifest prompts@^2.4.2
61 silly packumentCache full:https://registry.npmjs.org/prompts cache-miss
62 http fetch GET 200 https://registry.npmjs.org/prompts 166ms (cache miss)
63 silly packumentCache full:https://registry.npmjs.org/prompts set size:undefined disposed:false
64 silly fetch manifest fs-extra@^11.2.0
65 silly packumentCache full:https://registry.npmjs.org/fs-extra cache-miss
66 http fetch GET 200 https://registry.npmjs.org/fs-extra 204ms (cache miss)
67 silly packumentCache full:https://registry.npmjs.org/fs-extra set size:undefined disposed:false
68 silly fetch manifest commander@^12.1.0
69 silly packumentCache full:https://registry.npmjs.org/commander cache-miss
70 http fetch GET 200 https://registry.npmjs.org/commander 175ms (cache miss)
71 silly packumentCache full:https://registry.npmjs.org/commander set size:undefined disposed:false
72 silly fetch manifest env-paths@^2.2.0
73 silly packumentCache full:https://registry.npmjs.org/env-paths cache-miss
74 http fetch GET 200 https://registry.npmjs.org/env-paths 505ms (cache miss)
75 silly packumentCache full:https://registry.npmjs.org/env-paths set size:undefined disposed:false
76 silly fetch manifest native-run@^2.0.3
77 silly packumentCache full:https://registry.npmjs.org/native-run cache-miss
78 http fetch GET 200 https://registry.npmjs.org/native-run 514ms (cache miss)
79 silly packumentCache full:https://registry.npmjs.org/native-run set size:undefined disposed:false
80 silly fetch manifest @ionic/utils-terminal@^2.3.5
81 silly packumentCache full:https://registry.npmjs.org/@ionic%2futils-terminal cache-miss
82 http fetch GET 200 https://registry.npmjs.org/@ionic%2futils-terminal 1839ms (cache miss)
83 silly packumentCache full:https://registry.npmjs.org/@ionic%2futils-terminal set size:undefined disposed:false
84 silly fetch manifest @ionic/utils-subprocess@^3.0.1
85 silly packumentCache full:https://registry.npmjs.org/@ionic%2futils-subprocess cache-miss
86 http fetch GET 200 https://registry.npmjs.org/@ionic%2futils-subprocess 1015ms (cache miss)
87 silly packumentCache full:https://registry.npmjs.org/@ionic%2futils-subprocess set size:undefined disposed:false
88 silly fetch manifest @ionic/cli-framework-output@^2.2.8
89 silly packumentCache full:https://registry.npmjs.org/@ionic%2fcli-framework-output cache-miss
90 http fetch GET 200 https://registry.npmjs.org/@ionic%2fcli-framework-output 1017ms (cache miss)
91 silly packumentCache full:https://registry.npmjs.org/@ionic%2fcli-framework-output set size:undefined disposed:false
92 silly fetch manifest tslib@^2.1.0
93 silly packumentCache full:https://registry.npmjs.org/tslib cache-miss
94 http cache https://registry.npmjs.org/tslib 18ms (cache hit)
95 silly packumentCache full:https://registry.npmjs.org/tslib set size:108760 disposed:false
96 silly placeDep ROOT @ionic/cli-framework-output@2.2.8 OK for: @capacitor/cli@8.3.0 want: ^2.2.8
97 silly placeDep ROOT @ionic/utils-subprocess@3.0.1 OK for: @capacitor/cli@8.3.0 want: ^3.0.1
98 silly placeDep ROOT @ionic/utils-terminal@2.3.5 OK for: @capacitor/cli@8.3.0 want: ^2.3.5
99 silly placeDep ROOT commander@12.1.0 OK for: @capacitor/cli@8.3.0 want: ^12.1.0
100 silly placeDep ROOT debug@4.4.3 OK for: @capacitor/cli@8.3.0 want: ^4.4.0
101 silly placeDep ROOT env-paths@2.2.1 OK for: @capacitor/cli@8.3.0 want: ^2.2.0
102 silly placeDep ROOT fs-extra@11.3.4 OK for: @capacitor/cli@8.3.0 want: ^11.2.0
103 silly placeDep ROOT kleur@4.1.5 OK for: @capacitor/cli@8.3.0 want: ^4.1.5
104 silly placeDep ROOT native-run@2.0.3 OK for: @capacitor/cli@8.3.0 want: ^2.0.3
105 silly placeDep ROOT open@8.4.2 OK for: @capacitor/cli@8.3.0 want: ^8.4.0
106 silly placeDep ROOT plist@3.1.0 OK for: @capacitor/cli@8.3.0 want: ^3.1.0
107 silly placeDep ROOT prompts@2.4.2 OK for: @capacitor/cli@8.3.0 want: ^2.4.2
108 silly placeDep ROOT rimraf@6.1.3 OK for: @capacitor/cli@8.3.0 want: ^6.0.1
109 silly placeDep ROOT semver@7.7.4 OK for: @capacitor/cli@8.3.0 want: ^7.6.3
110 silly placeDep ROOT tar@7.5.13 OK for: @capacitor/cli@8.3.0 want: ^7.5.3
111 silly placeDep ROOT tslib@2.8.1 OK for: @capacitor/cli@8.3.0 want: ^2.8.1
112 silly placeDep ROOT xml2js@0.6.2 OK for: @capacitor/cli@8.3.0 want: ^0.6.2
113 silly fetch manifest @ionic/utils-terminal@2.3.5
114 silly packumentCache full:https://registry.npmjs.org/@ionic%2futils-terminal cache-miss
115 http cache https://registry.npmjs.org/@ionic%2futils-terminal 6ms (cache hit)
116 silly packumentCache full:https://registry.npmjs.org/@ionic%2futils-terminal set size:118057 disposed:false
117 silly fetch manifest debug@^4.0.0
118 silly packumentCache full:https://registry.npmjs.org/debug cache-miss
119 http cache https://registry.npmjs.org/debug 7ms (cache hit)
120 silly packumentCache full:https://registry.npmjs.org/debug set size:195840 disposed:false
121 silly fetch manifest tslib@^2.0.1
122 silly packumentCache full:https://registry.npmjs.org/tslib cache-hit
123 silly fetch manifest @ionic/utils-array@2.1.6
124 silly packumentCache full:https://registry.npmjs.org/@ionic%2futils-array cache-miss
125 http fetch GET 200 https://registry.npmjs.org/@ionic%2futils-array 950ms (cache miss)
126 silly packumentCache full:https://registry.npmjs.org/@ionic%2futils-array set size:undefined disposed:false
127 silly fetch manifest @ionic/utils-fs@3.1.7
128 silly packumentCache full:https://registry.npmjs.org/@ionic%2futils-fs cache-miss
129 http fetch GET 200 https://registry.npmjs.org/@ionic%2futils-fs 918ms (cache miss)
130 silly packumentCache full:https://registry.npmjs.org/@ionic%2futils-fs set size:undefined disposed:false
131 silly fetch manifest @ionic/utils-process@2.1.12
132 silly packumentCache full:https://registry.npmjs.org/@ionic%2futils-process cache-miss
133 http fetch GET 200 https://registry.npmjs.org/@ionic%2futils-process 1073ms (cache miss)
134 silly packumentCache full:https://registry.npmjs.org/@ionic%2futils-process set size:undefined disposed:false
135 silly fetch manifest @ionic/utils-stream@3.1.7
136 silly packumentCache full:https://registry.npmjs.org/@ionic%2futils-stream cache-miss
137 http fetch GET 200 https://registry.npmjs.org/@ionic%2futils-stream 1004ms (cache miss)
138 silly packumentCache full:https://registry.npmjs.org/@ionic%2futils-stream set size:undefined disposed:false
139 silly fetch manifest cross-spawn@^7.0.3
140 silly packumentCache full:https://registry.npmjs.org/cross-spawn cache-miss
141 http fetch GET 200 https://registry.npmjs.org/cross-spawn 173ms (cache miss)
142 silly packumentCache full:https://registry.npmjs.org/cross-spawn set size:undefined disposed:false
143 silly fetch manifest @types/slice-ansi@^4.0.0
144 silly packumentCache full:https://registry.npmjs.org/@types%2fslice-ansi cache-miss
145 http fetch GET 200 https://registry.npmjs.org/@types%2fslice-ansi 854ms (cache miss)
146 silly packumentCache full:https://registry.npmjs.org/@types%2fslice-ansi set size:undefined disposed:false
147 silly fetch manifest signal-exit@^3.0.3
148 silly packumentCache full:https://registry.npmjs.org/signal-exit cache-miss
149 http fetch GET 200 https://registry.npmjs.org/signal-exit 181ms (cache miss)
150 silly packumentCache full:https://registry.npmjs.org/signal-exit set size:undefined disposed:false
151 silly fetch manifest slice-ansi@^4.0.0
152 silly packumentCache full:https://registry.npmjs.org/slice-ansi cache-miss
153 http fetch GET 200 https://registry.npmjs.org/slice-ansi 525ms (cache miss)
154 silly packumentCache full:https://registry.npmjs.org/slice-ansi set size:undefined disposed:false
155 silly fetch manifest string-width@^4.1.0
156 silly packumentCache full:https://registry.npmjs.org/string-width cache-miss
157 http fetch GET 200 https://registry.npmjs.org/string-width 148ms (cache miss)
158 silly packumentCache full:https://registry.npmjs.org/string-width set size:undefined disposed:false
159 silly fetch manifest strip-ansi@^6.0.0
160 silly packumentCache full:https://registry.npmjs.org/strip-ansi cache-miss
161 http fetch GET 200 https://registry.npmjs.org/strip-ansi 458ms (cache miss)
162 silly packumentCache full:https://registry.npmjs.org/strip-ansi set size:undefined disposed:false
163 silly fetch manifest untildify@^4.0.0
164 silly packumentCache full:https://registry.npmjs.org/untildify cache-miss
165 http fetch GET 200 https://registry.npmjs.org/untildify 209ms (cache miss)
166 silly packumentCache full:https://registry.npmjs.org/untildify set size:undefined disposed:false
167 silly fetch manifest wrap-ansi@^7.0.0
168 silly packumentCache full:https://registry.npmjs.org/wrap-ansi cache-miss
169 http fetch GET 200 https://registry.npmjs.org/wrap-ansi 141ms (cache miss)
170 silly packumentCache full:https://registry.npmjs.org/wrap-ansi set size:undefined disposed:false
171 silly fetch manifest ms@^2.1.3
172 silly packumentCache full:https://registry.npmjs.org/ms cache-miss
173 http fetch GET 200 https://registry.npmjs.org/ms 146ms (cache miss)
174 silly packumentCache full:https://registry.npmjs.org/ms set size:undefined disposed:false
175 silly fetch manifest graceful-fs@^4.2.0
176 silly packumentCache full:https://registry.npmjs.org/graceful-fs cache-miss
177 http fetch GET 200 https://registry.npmjs.org/graceful-fs 206ms (cache miss)
178 silly packumentCache full:https://registry.npmjs.org/graceful-fs set size:undefined disposed:false
179 silly fetch manifest jsonfile@^6.0.1
180 silly packumentCache full:https://registry.npmjs.org/jsonfile cache-miss
181 http fetch GET 200 https://registry.npmjs.org/jsonfile 197ms (cache miss)
182 silly packumentCache full:https://registry.npmjs.org/jsonfile set size:undefined disposed:false
183 silly fetch manifest universalify@^2.0.0
184 silly packumentCache full:https://registry.npmjs.org/universalify cache-miss
185 http fetch GET 200 https://registry.npmjs.org/universalify 201ms (cache miss)
186 silly packumentCache full:https://registry.npmjs.org/universalify set size:undefined disposed:false
187 silly fetch manifest @ionic/utils-fs@^3.1.7
188 silly packumentCache full:https://registry.npmjs.org/@ionic%2futils-fs cache-miss
189 http cache https://registry.npmjs.org/@ionic%2futils-fs 8ms (cache hit)
190 silly packumentCache full:https://registry.npmjs.org/@ionic%2futils-fs set size:155283 disposed:false
191 silly fetch manifest bplist-parser@^0.3.2
192 silly packumentCache full:https://registry.npmjs.org/bplist-parser cache-miss
193 http fetch GET 200 https://registry.npmjs.org/bplist-parser 606ms (cache miss)
194 silly packumentCache full:https://registry.npmjs.org/bplist-parser set size:undefined disposed:false
195 silly fetch manifest elementtree@^0.1.7
196 silly packumentCache full:https://registry.npmjs.org/elementtree cache-miss
197 http fetch GET 200 https://registry.npmjs.org/elementtree 501ms (cache miss)
198 silly packumentCache full:https://registry.npmjs.org/elementtree set size:undefined disposed:false
199 silly fetch manifest ini@^4.1.1
200 silly packumentCache full:https://registry.npmjs.org/ini cache-miss
201 http fetch GET 200 https://registry.npmjs.org/ini 136ms (cache miss)
202 silly packumentCache full:https://registry.npmjs.org/ini set size:undefined disposed:false
203 silly fetch manifest split2@^4.2.0
204 silly packumentCache full:https://registry.npmjs.org/split2 cache-miss
205 http fetch GET 200 https://registry.npmjs.org/split2 131ms (cache miss)
206 silly packumentCache full:https://registry.npmjs.org/split2 set size:undefined disposed:false
207 silly fetch manifest through2@^4.0.2
208 silly packumentCache full:https://registry.npmjs.org/through2 cache-miss
209 http fetch GET 200 https://registry.npmjs.org/through2 536ms (cache miss)
210 silly packumentCache full:https://registry.npmjs.org/through2 set size:undefined disposed:false
211 silly fetch manifest tslib@^2.6.2
212 silly packumentCache full:https://registry.npmjs.org/tslib cache-hit
213 silly fetch manifest yauzl@^2.10.0
214 silly packumentCache full:https://registry.npmjs.org/yauzl cache-miss
215 http fetch GET 200 https://registry.npmjs.org/yauzl 488ms (cache miss)
216 silly packumentCache full:https://registry.npmjs.org/yauzl set size:undefined disposed:false
217 silly fetch manifest is-wsl@^2.2.0
218 silly packumentCache full:https://registry.npmjs.org/is-wsl cache-miss
219 http fetch GET 200 https://registry.npmjs.org/is-wsl 146ms (cache miss)
220 silly packumentCache full:https://registry.npmjs.org/is-wsl set size:undefined disposed:false
221 silly fetch manifest is-docker@^2.1.1
222 silly packumentCache full:https://registry.npmjs.org/is-docker cache-miss
223 http fetch GET 200 https://registry.npmjs.org/is-docker 161ms (cache miss)
224 silly packumentCache full:https://registry.npmjs.org/is-docker set size:undefined disposed:false
225 silly fetch manifest define-lazy-prop@^2.0.0
226 silly packumentCache full:https://registry.npmjs.org/define-lazy-prop cache-miss
227 http fetch GET 200 https://registry.npmjs.org/define-lazy-prop 168ms (cache miss)
228 silly packumentCache full:https://registry.npmjs.org/define-lazy-prop set size:undefined disposed:false
229 silly fetch manifest @xmldom/xmldom@^0.8.8
230 silly packumentCache full:https://registry.npmjs.org/@xmldom%2fxmldom cache-miss
231 http fetch GET 200 https://registry.npmjs.org/@xmldom%2fxmldom 171ms (cache miss)
232 silly packumentCache full:https://registry.npmjs.org/@xmldom%2fxmldom set size:undefined disposed:false
233 silly fetch manifest base64-js@^1.5.1
234 silly packumentCache full:https://registry.npmjs.org/base64-js cache-miss
235 http fetch GET 200 https://registry.npmjs.org/base64-js 129ms (cache miss)
236 silly packumentCache full:https://registry.npmjs.org/base64-js set size:undefined disposed:false
237 silly fetch manifest xmlbuilder@^15.1.1
238 silly packumentCache full:https://registry.npmjs.org/xmlbuilder cache-miss
239 http fetch GET 200 https://registry.npmjs.org/xmlbuilder 144ms (cache miss)
240 silly packumentCache full:https://registry.npmjs.org/xmlbuilder set size:undefined disposed:false
241 silly fetch manifest kleur@^3.0.3
242 silly packumentCache full:https://registry.npmjs.org/kleur cache-miss
243 http cache https://registry.npmjs.org/kleur 8ms (cache hit)
244 silly packumentCache full:https://registry.npmjs.org/kleur set size:61853 disposed:false
245 silly fetch manifest sisteransi@^1.0.5
246 silly packumentCache full:https://registry.npmjs.org/sisteransi cache-miss
247 http fetch GET 200 https://registry.npmjs.org/sisteransi 184ms (cache miss)
248 silly packumentCache full:https://registry.npmjs.org/sisteransi set size:undefined disposed:false
249 silly fetch manifest glob@^13.0.3
250 silly packumentCache full:https://registry.npmjs.org/glob cache-miss
251 http fetch GET 200 https://registry.npmjs.org/glob 222ms (cache miss)
252 silly packumentCache full:https://registry.npmjs.org/glob set size:undefined disposed:false
253 silly fetch manifest package-json-from-dist@^1.0.1
254 silly packumentCache full:https://registry.npmjs.org/package-json-from-dist cache-miss
255 http fetch GET 200 https://registry.npmjs.org/package-json-from-dist 148ms (cache miss)
256 silly packumentCache full:https://registry.npmjs.org/package-json-from-dist set size:undefined disposed:false
257 silly fetch manifest @isaacs/fs-minipass@^4.0.0
258 silly packumentCache full:https://registry.npmjs.org/@isaacs%2ffs-minipass cache-miss
259 http fetch GET 200 https://registry.npmjs.org/@isaacs%2ffs-minipass 547ms (cache miss)
260 silly packumentCache full:https://registry.npmjs.org/@isaacs%2ffs-minipass set size:undefined disposed:false
261 silly fetch manifest chownr@^3.0.0
262 silly packumentCache full:https://registry.npmjs.org/chownr cache-miss
263 http fetch GET 200 https://registry.npmjs.org/chownr 496ms (cache miss)
264 silly packumentCache full:https://registry.npmjs.org/chownr set size:undefined disposed:false
265 silly fetch manifest minipass@^7.1.2
266 silly packumentCache full:https://registry.npmjs.org/minipass cache-miss
267 http fetch GET 200 https://registry.npmjs.org/minipass 144ms (cache miss)
268 silly packumentCache full:https://registry.npmjs.org/minipass set size:undefined disposed:false
269 silly fetch manifest minizlib@^3.1.0
270 silly packumentCache full:https://registry.npmjs.org/minizlib cache-miss
271 http fetch GET 200 https://registry.npmjs.org/minizlib 151ms (cache miss)
272 silly packumentCache full:https://registry.npmjs.org/minizlib set size:undefined disposed:false
273 silly fetch manifest yallist@^5.0.0
274 silly packumentCache full:https://registry.npmjs.org/yallist cache-miss
275 http fetch GET 200 https://registry.npmjs.org/yallist 203ms (cache miss)
276 silly packumentCache full:https://registry.npmjs.org/yallist set size:undefined disposed:false
277 silly fetch manifest sax@>=0.6.0
278 silly packumentCache full:https://registry.npmjs.org/sax cache-miss
279 http fetch GET 200 https://registry.npmjs.org/sax 129ms (cache miss)
280 silly packumentCache full:https://registry.npmjs.org/sax set size:undefined disposed:false
281 silly fetch manifest xmlbuilder@~11.0.0
282 silly packumentCache full:https://registry.npmjs.org/xmlbuilder cache-miss
283 http cache https://registry.npmjs.org/xmlbuilder 10ms (cache hit)
284 silly packumentCache full:https://registry.npmjs.org/xmlbuilder set size:158707 disposed:false
285 silly placeDep ROOT @ionic/utils-array@2.1.6 OK for: @ionic/utils-subprocess@3.0.1 want: 2.1.6
286 silly placeDep ROOT @ionic/utils-fs@3.1.7 OK for: @ionic/utils-subprocess@3.0.1 want: 3.1.7
287 silly placeDep ROOT @ionic/utils-process@2.1.12 OK for: @ionic/utils-subprocess@3.0.1 want: 2.1.12
288 silly placeDep ROOT @ionic/utils-stream@3.1.7 OK for: @ionic/utils-subprocess@3.0.1 want: 3.1.7
289 silly placeDep ROOT cross-spawn@7.0.6 OK for: @ionic/utils-subprocess@3.0.1 want: ^7.0.3
290 silly fetch manifest @types/fs-extra@^8.0.0
291 silly packumentCache full:https://registry.npmjs.org/@types%2ffs-extra cache-miss
292 http fetch GET 200 https://registry.npmjs.org/@types%2ffs-extra 763ms (cache miss)
293 silly packumentCache full:https://registry.npmjs.org/@types%2ffs-extra set size:undefined disposed:false
294 silly fetch manifest fs-extra@^9.0.0
295 silly packumentCache full:https://registry.npmjs.org/fs-extra cache-miss
296 http cache https://registry.npmjs.org/fs-extra 5ms (cache hit)
297 silly packumentCache full:https://registry.npmjs.org/fs-extra set size:232595 disposed:false
298 silly fetch manifest @ionic/utils-object@2.1.6
299 silly packumentCache full:https://registry.npmjs.org/@ionic%2futils-object cache-miss
300 http fetch GET 200 https://registry.npmjs.org/@ionic%2futils-object 996ms (cache miss)
301 silly packumentCache full:https://registry.npmjs.org/@ionic%2futils-object set size:undefined disposed:false
302 silly fetch manifest tree-kill@^1.2.2
303 silly packumentCache full:https://registry.npmjs.org/tree-kill cache-miss
304 http fetch GET 200 https://registry.npmjs.org/tree-kill 136ms (cache miss)
305 silly packumentCache full:https://registry.npmjs.org/tree-kill set size:undefined disposed:false
306 silly fetch manifest which@^2.0.1
307 silly packumentCache full:https://registry.npmjs.org/which cache-miss
308 http fetch GET 200 https://registry.npmjs.org/which 471ms (cache miss)
309 silly packumentCache full:https://registry.npmjs.org/which set size:undefined disposed:false
310 silly fetch manifest path-key@^3.1.0
311 silly packumentCache full:https://registry.npmjs.org/path-key cache-miss
312 http fetch GET 200 https://registry.npmjs.org/path-key 186ms (cache miss)
313 silly packumentCache full:https://registry.npmjs.org/path-key set size:undefined disposed:false
314 silly fetch manifest shebang-command@^2.0.0
315 silly packumentCache full:https://registry.npmjs.org/shebang-command cache-miss
316 http fetch GET 200 https://registry.npmjs.org/shebang-command 121ms (cache miss)
317 silly packumentCache full:https://registry.npmjs.org/shebang-command set size:undefined disposed:false
318 silly placeDep ROOT @types/fs-extra@8.1.5 OK for: @ionic/utils-fs@3.1.7 want: ^8.0.0
319 silly placeDep node_modules/@ionic/utils-fs fs-extra@9.1.0 OK for: @ionic/utils-fs@3.1.7 want: ^9.0.0
320 silly fetch manifest @types/node@*
321 silly packumentCache full:https://registry.npmjs.org/@types%2fnode cache-miss
322 http fetch GET 200 https://registry.npmjs.org/@types%2fnode 741ms (cache miss)
323 silly packumentCache full:https://registry.npmjs.org/@types%2fnode set size:undefined disposed:false
324 silly fetch manifest at-least-node@^1.0.0
325 silly packumentCache full:https://registry.npmjs.org/at-least-node cache-miss
326 http fetch GET 200 https://registry.npmjs.org/at-least-node 468ms (cache miss)
327 silly packumentCache full:https://registry.npmjs.org/at-least-node set size:undefined disposed:false
328 silly placeDep ROOT @ionic/utils-object@2.1.6 OK for: @ionic/utils-process@2.1.12 want: 2.1.6
329 silly placeDep ROOT signal-exit@3.0.7 OK for: @ionic/utils-process@2.1.12 want: ^3.0.3
330 silly placeDep ROOT tree-kill@1.2.2 OK for: @ionic/utils-process@2.1.12 want: ^1.2.2
331 silly placeDep ROOT @types/slice-ansi@4.0.0 OK for: @ionic/utils-terminal@2.3.5 want: ^4.0.0
332 silly placeDep ROOT slice-ansi@4.0.0 OK for: @ionic/utils-terminal@2.3.5 want: ^4.0.0
333 silly placeDep ROOT string-width@4.2.3 OK for: @ionic/utils-terminal@2.3.5 want: ^4.1.0
334 silly placeDep ROOT strip-ansi@6.0.1 OK for: @ionic/utils-terminal@2.3.5 want: ^6.0.0
335 silly placeDep ROOT untildify@4.0.0 OK for: @ionic/utils-terminal@2.3.5 want: ^4.0.0
336 silly placeDep ROOT wrap-ansi@7.0.0 OK for: @ionic/utils-terminal@2.3.5 want: ^7.0.0
337 silly fetch manifest ansi-styles@^4.0.0
338 silly packumentCache full:https://registry.npmjs.org/ansi-styles cache-miss
339 http fetch GET 200 https://registry.npmjs.org/ansi-styles 449ms (cache miss)
340 silly packumentCache full:https://registry.npmjs.org/ansi-styles set size:undefined disposed:false
341 silly fetch manifest astral-regex@^2.0.0
342 silly packumentCache full:https://registry.npmjs.org/astral-regex cache-miss
343 http fetch GET 200 https://registry.npmjs.org/astral-regex 550ms (cache miss)
344 silly packumentCache full:https://registry.npmjs.org/astral-regex set size:undefined disposed:false
345 silly fetch manifest is-fullwidth-code-point@^3.0.0
346 silly packumentCache full:https://registry.npmjs.org/is-fullwidth-code-point cache-miss
347 http fetch GET 200 https://registry.npmjs.org/is-fullwidth-code-point 147ms (cache miss)
348 silly packumentCache full:https://registry.npmjs.org/is-fullwidth-code-point set size:undefined disposed:false
349 silly fetch manifest strip-ansi@^6.0.1
350 silly packumentCache full:https://registry.npmjs.org/strip-ansi cache-miss
351 http cache https://registry.npmjs.org/strip-ansi 6ms (cache hit)
352 silly packumentCache full:https://registry.npmjs.org/strip-ansi set size:44998 disposed:false
353 silly fetch manifest emoji-regex@^8.0.0
354 silly packumentCache full:https://registry.npmjs.org/emoji-regex cache-miss
355 http fetch GET 200 https://registry.npmjs.org/emoji-regex 163ms (cache miss)
356 silly packumentCache full:https://registry.npmjs.org/emoji-regex set size:undefined disposed:false
357 silly fetch manifest ansi-regex@^5.0.1
358 silly packumentCache full:https://registry.npmjs.org/ansi-regex cache-miss
359 http fetch GET 200 https://registry.npmjs.org/ansi-regex 139ms (cache miss)
360 silly packumentCache full:https://registry.npmjs.org/ansi-regex set size:undefined disposed:false
361 silly placeDep ROOT @types/node@25.6.0 OK for: @types/fs-extra@8.1.5 want: *
362 silly fetch manifest undici-types@~7.19.0
363 silly packumentCache full:https://registry.npmjs.org/undici-types cache-miss
364 http fetch GET 200 https://registry.npmjs.org/undici-types 246ms (cache miss)
365 silly packumentCache full:https://registry.npmjs.org/undici-types set size:undefined disposed:false
366 silly placeDep ROOT undici-types@7.19.2 OK for: @types/node@25.6.0 want: ~7.19.0
367 silly placeDep ROOT path-key@3.1.1 OK for: cross-spawn@7.0.6 want: ^3.1.0
368 silly placeDep ROOT shebang-command@2.0.0 OK for: cross-spawn@7.0.6 want: ^2.0.0
369 silly placeDep ROOT which@2.0.2 OK for: cross-spawn@7.0.6 want: ^2.0.1
370 silly fetch manifest shebang-regex@^3.0.0
371 silly packumentCache full:https://registry.npmjs.org/shebang-regex cache-miss
372 http fetch GET 200 https://registry.npmjs.org/shebang-regex 176ms (cache miss)
373 silly packumentCache full:https://registry.npmjs.org/shebang-regex set size:undefined disposed:false
374 silly fetch manifest isexe@^2.0.0
375 silly packumentCache full:https://registry.npmjs.org/isexe cache-miss
376 http fetch GET 200 https://registry.npmjs.org/isexe 197ms (cache miss)
377 silly packumentCache full:https://registry.npmjs.org/isexe set size:undefined disposed:false
378 silly placeDep ROOT ms@2.1.3 OK for: debug@4.4.3 want: ^2.1.3
379 silly placeDep ROOT graceful-fs@4.2.11 OK for: fs-extra@11.3.4 want: ^4.2.0
380 silly placeDep ROOT jsonfile@6.2.0 OK for: fs-extra@11.3.4 want: ^6.0.1
381 silly placeDep ROOT universalify@2.0.1 OK for: fs-extra@11.3.4 want: ^2.0.0
382 silly placeDep ROOT bplist-parser@0.3.2 OK for: native-run@2.0.3 want: ^0.3.2
383 silly placeDep ROOT elementtree@0.1.7 OK for: native-run@2.0.3 want: ^0.1.7
384 silly placeDep ROOT ini@4.1.3 OK for: native-run@2.0.3 want: ^4.1.1
385 silly placeDep ROOT split2@4.2.0 OK for: native-run@2.0.3 want: ^4.2.0
386 silly placeDep ROOT through2@4.0.2 OK for: native-run@2.0.3 want: ^4.0.2
387 silly placeDep ROOT yauzl@2.10.0 OK for: native-run@2.0.3 want: ^2.10.0
388 silly fetch manifest big-integer@1.6.x
389 silly packumentCache full:https://registry.npmjs.org/big-integer cache-miss
390 http fetch GET 200 https://registry.npmjs.org/big-integer 185ms (cache miss)
391 silly packumentCache full:https://registry.npmjs.org/big-integer set size:undefined disposed:false
392 silly fetch manifest sax@1.1.4
393 silly packumentCache full:https://registry.npmjs.org/sax cache-miss
394 http cache https://registry.npmjs.org/sax 15ms (cache hit)
395 silly packumentCache full:https://registry.npmjs.org/sax set size:91199 disposed:false
396 silly fetch manifest readable-stream@3
397 silly packumentCache full:https://registry.npmjs.org/readable-stream cache-miss
398 http fetch GET 200 https://registry.npmjs.org/readable-stream 153ms (cache miss)
399 silly packumentCache full:https://registry.npmjs.org/readable-stream set size:undefined disposed:false
400 silly fetch manifest fd-slicer@~1.1.0
401 silly packumentCache full:https://registry.npmjs.org/fd-slicer cache-miss
402 http fetch GET 200 https://registry.npmjs.org/fd-slicer 472ms (cache miss)
403 silly packumentCache full:https://registry.npmjs.org/fd-slicer set size:undefined disposed:false
404 silly fetch manifest buffer-crc32@~0.2.3
405 silly packumentCache full:https://registry.npmjs.org/buffer-crc32 cache-miss
406 http fetch GET 200 https://registry.npmjs.org/buffer-crc32 195ms (cache miss)
407 silly packumentCache full:https://registry.npmjs.org/buffer-crc32 set size:undefined disposed:false
408 silly placeDep ROOT big-integer@1.6.52 OK for: bplist-parser@0.3.2 want: 1.6.x
409 silly placeDep ROOT sax@1.1.4 OK for: elementtree@0.1.7 want: 1.1.4
410 silly placeDep ROOT define-lazy-prop@2.0.0 OK for: open@8.4.2 want: ^2.0.0
411 silly placeDep ROOT is-docker@2.2.1 OK for: open@8.4.2 want: ^2.1.1
412 silly placeDep ROOT is-wsl@2.2.0 OK for: open@8.4.2 want: ^2.2.0
413 silly placeDep ROOT @xmldom/xmldom@0.8.12 OK for: plist@3.1.0 want: ^0.8.8
414 silly placeDep ROOT base64-js@1.5.1 OK for: plist@3.1.0 want: ^1.5.1
415 silly placeDep ROOT xmlbuilder@15.1.1 OK for: plist@3.1.0 want: ^15.1.1
416 silly placeDep node_modules/prompts kleur@3.0.3 OK for: prompts@2.4.2 want: ^3.0.3
417 silly placeDep ROOT sisteransi@1.0.5 OK for: prompts@2.4.2 want: ^1.0.5
418 silly placeDep ROOT glob@13.0.6 OK for: rimraf@6.1.3 want: ^13.0.3
419 silly placeDep ROOT package-json-from-dist@1.0.1 OK for: rimraf@6.1.3 want: ^1.0.1
420 silly fetch manifest minimatch@^10.2.2
421 silly packumentCache full:https://registry.npmjs.org/minimatch cache-miss
422 http fetch GET 200 https://registry.npmjs.org/minimatch 266ms (cache miss)
423 silly packumentCache full:https://registry.npmjs.org/minimatch set size:undefined disposed:false
424 silly fetch manifest minipass@^7.1.3
425 silly packumentCache full:https://registry.npmjs.org/minipass cache-miss
426 http cache https://registry.npmjs.org/minipass 8ms (cache hit)
427 silly packumentCache full:https://registry.npmjs.org/minipass set size:276925 disposed:false
428 silly fetch manifest path-scurry@^2.0.2
429 silly packumentCache full:https://registry.npmjs.org/path-scurry cache-miss
430 http fetch GET 200 https://registry.npmjs.org/path-scurry 139ms (cache miss)
431 silly packumentCache full:https://registry.npmjs.org/path-scurry set size:undefined disposed:false
432 silly placeDep ROOT minimatch@10.2.5 OK for: glob@13.0.6 want: ^10.2.2
433 silly placeDep ROOT minipass@7.1.3 OK for: glob@13.0.6 want: ^7.1.3
434 silly placeDep ROOT path-scurry@2.0.2 OK for: glob@13.0.6 want: ^2.0.2
435 silly fetch manifest brace-expansion@^5.0.5
436 silly packumentCache full:https://registry.npmjs.org/brace-expansion cache-miss
437 http fetch GET 200 https://registry.npmjs.org/brace-expansion 142ms (cache miss)
438 silly packumentCache full:https://registry.npmjs.org/brace-expansion set size:undefined disposed:false
439 silly fetch manifest lru-cache@^11.0.0
440 silly packumentCache full:https://registry.npmjs.org/lru-cache cache-miss
441 http fetch GET 200 https://registry.npmjs.org/lru-cache 255ms (cache miss)
442 silly packumentCache full:https://registry.npmjs.org/lru-cache set size:undefined disposed:false
443 silly placeDep ROOT brace-expansion@5.0.5 OK for: minimatch@10.2.5 want: ^5.0.5
444 silly fetch manifest balanced-match@^4.0.2
445 silly packumentCache full:https://registry.npmjs.org/balanced-match cache-miss
446 http fetch GET 200 https://registry.npmjs.org/balanced-match 169ms (cache miss)
447 silly packumentCache full:https://registry.npmjs.org/balanced-match set size:undefined disposed:false
448 silly placeDep ROOT balanced-match@4.0.4 OK for: brace-expansion@5.0.5 want: ^4.0.2
449 silly placeDep ROOT lru-cache@11.3.3 OK for: path-scurry@2.0.2 want: ^11.0.0
450 silly placeDep ROOT shebang-regex@3.0.0 OK for: shebang-command@2.0.0 want: ^3.0.0
451 silly placeDep ROOT ansi-styles@4.3.0 OK for: slice-ansi@4.0.0 want: ^4.0.0
452 silly placeDep ROOT astral-regex@2.0.0 OK for: slice-ansi@4.0.0 want: ^2.0.0
453 silly placeDep ROOT is-fullwidth-code-point@3.0.0 OK for: slice-ansi@4.0.0 want: ^3.0.0
454 silly fetch manifest color-convert@^2.0.1
455 silly packumentCache full:https://registry.npmjs.org/color-convert cache-miss
456 http fetch GET 200 https://registry.npmjs.org/color-convert 174ms (cache miss)
457 silly packumentCache full:https://registry.npmjs.org/color-convert set size:undefined disposed:false
458 silly placeDep ROOT color-convert@2.0.1 OK for: ansi-styles@4.3.0 want: ^2.0.1
459 silly fetch manifest color-name@~1.1.4
460 silly packumentCache full:https://registry.npmjs.org/color-name cache-miss
461 http fetch GET 200 https://registry.npmjs.org/color-name 216ms (cache miss)
462 silly packumentCache full:https://registry.npmjs.org/color-name set size:undefined disposed:false
463 silly placeDep ROOT color-name@1.1.4 OK for: color-convert@2.0.1 want: ~1.1.4
464 silly placeDep ROOT emoji-regex@8.0.0 OK for: string-width@4.2.3 want: ^8.0.0
465 silly placeDep ROOT ansi-regex@5.0.1 OK for: strip-ansi@6.0.1 want: ^5.0.1
466 silly placeDep ROOT @isaacs/fs-minipass@4.0.1 OK for: tar@7.5.13 want: ^4.0.0
467 silly placeDep ROOT chownr@3.0.0 OK for: tar@7.5.13 want: ^3.0.0
468 silly placeDep ROOT minizlib@3.1.0 OK for: tar@7.5.13 want: ^3.1.0
469 silly placeDep ROOT yallist@5.0.0 OK for: tar@7.5.13 want: ^5.0.0
470 silly placeDep ROOT readable-stream@3.6.2 OK for: through2@4.0.2 want: 3
471 silly fetch manifest inherits@^2.0.3
472 silly packumentCache full:https://registry.npmjs.org/inherits cache-miss
473 http fetch GET 200 https://registry.npmjs.org/inherits 234ms (cache miss)
474 silly packumentCache full:https://registry.npmjs.org/inherits set size:undefined disposed:false
475 silly fetch manifest string_decoder@^1.1.1
476 silly packumentCache full:https://registry.npmjs.org/string_decoder cache-miss
477 http fetch GET 200 https://registry.npmjs.org/string_decoder 514ms (cache miss)
478 silly packumentCache full:https://registry.npmjs.org/string_decoder set size:undefined disposed:false
479 silly fetch manifest util-deprecate@^1.0.1
480 silly packumentCache full:https://registry.npmjs.org/util-deprecate cache-miss
481 http fetch GET 200 https://registry.npmjs.org/util-deprecate 504ms (cache miss)
482 silly packumentCache full:https://registry.npmjs.org/util-deprecate set size:undefined disposed:false
483 silly placeDep ROOT inherits@2.0.4 OK for: readable-stream@3.6.2 want: ^2.0.3
484 silly placeDep ROOT string_decoder@1.3.0 OK for: readable-stream@3.6.2 want: ^1.1.1
485 silly placeDep ROOT util-deprecate@1.0.2 OK for: readable-stream@3.6.2 want: ^1.0.1
486 silly fetch manifest safe-buffer@~5.2.0
487 silly packumentCache full:https://registry.npmjs.org/safe-buffer cache-miss
488 http fetch GET 200 https://registry.npmjs.org/safe-buffer 167ms (cache miss)
489 silly packumentCache full:https://registry.npmjs.org/safe-buffer set size:undefined disposed:false
490 silly placeDep ROOT safe-buffer@5.2.1 OK for: string_decoder@1.3.0 want: ~5.2.0
491 silly placeDep ROOT isexe@2.0.0 OK for: which@2.0.2 want: ^2.0.0
492 silly placeDep node_modules/xml2js xmlbuilder@11.0.1 OK for: xml2js@0.6.2 want: ~11.0.0
493 silly placeDep ROOT buffer-crc32@0.2.13 OK for: yauzl@2.10.0 want: ~0.2.3
494 silly placeDep ROOT fd-slicer@1.1.0 OK for: yauzl@2.10.0 want: ~1.1.0
495 silly fetch manifest pend@~1.2.0
496 silly packumentCache full:https://registry.npmjs.org/pend cache-miss
497 http fetch GET 200 https://registry.npmjs.org/pend 191ms (cache miss)
498 silly packumentCache full:https://registry.npmjs.org/pend set size:undefined disposed:false
499 silly placeDep ROOT pend@1.2.0 OK for: fd-slicer@1.1.0 want: ~1.2.0
500 silly placeDep ROOT at-least-node@1.0.0 OK for: fs-extra@9.1.0 want: ^1.0.0
501 silly reify moves {}
502 http cache pend@https://registry.npmjs.org/pend/-/pend-1.2.0.tgz 0ms (cache hit)
503 http cache at-least-node@https://registry.npmjs.org/at-least-node/-/at-least-node-1.0.0.tgz 0ms (cache hit)
504 http cache fd-slicer@https://registry.npmjs.org/fd-slicer/-/fd-slicer-1.1.0.tgz 0ms (cache hit)
505 http cache isexe@https://registry.npmjs.org/isexe/-/isexe-2.0.0.tgz 0ms (cache hit)
506 http cache safe-buffer@https://registry.npmjs.org/safe-buffer/-/safe-buffer-5.2.1.tgz 0ms (cache hit)
507 http cache util-deprecate@https://registry.npmjs.org/util-deprecate/-/util-deprecate-1.0.2.tgz 0ms (cache hit)
508 http cache buffer-crc32@https://registry.npmjs.org/buffer-crc32/-/buffer-crc32-0.2.13.tgz 0ms (cache hit)
509 http cache string_decoder@https://registry.npmjs.org/string_decoder/-/string_decoder-1.3.0.tgz 0ms (cache hit)
510 http cache inherits@https://registry.npmjs.org/inherits/-/inherits-2.0.4.tgz 0ms (cache hit)
511 http cache readable-stream@https://registry.npmjs.org/readable-stream/-/readable-stream-3.6.2.tgz 1ms (cache hit)
512 http cache minizlib@https://registry.npmjs.org/minizlib/-/minizlib-3.1.0.tgz 0ms (cache hit)
513 http cache yallist@https://registry.npmjs.org/yallist/-/yallist-5.0.0.tgz 0ms (cache hit)
514 http cache chownr@https://registry.npmjs.org/chownr/-/chownr-3.0.0.tgz 0ms (cache hit)
515 http cache @isaacs/fs-minipass@https://registry.npmjs.org/@isaacs/fs-minipass/-/fs-minipass-4.0.1.tgz 0ms (cache hit)
516 http cache ansi-regex@https://registry.npmjs.org/ansi-regex/-/ansi-regex-5.0.1.tgz 0ms (cache hit)
517 http cache emoji-regex@https://registry.npmjs.org/emoji-regex/-/emoji-regex-8.0.0.tgz 0ms (cache hit)
518 http cache color-name@https://registry.npmjs.org/color-name/-/color-name-1.1.4.tgz 0ms (cache hit)
519 http cache is-fullwidth-code-point@https://registry.npmjs.org/is-fullwidth-code-point/-/is-fullwidth-code-point-3.0.0.tgz 0ms (cache hit)
520 http cache color-convert@https://registry.npmjs.org/color-convert/-/color-convert-2.0.1.tgz 0ms (cache hit)
521 http cache ansi-styles@https://registry.npmjs.org/ansi-styles/-/ansi-styles-4.3.0.tgz 0ms (cache hit)
522 http cache shebang-regex@https://registry.npmjs.org/shebang-regex/-/shebang-regex-3.0.0.tgz 0ms (cache hit)
523 http cache astral-regex@https://registry.npmjs.org/astral-regex/-/astral-regex-2.0.0.tgz 0ms (cache hit)
524 http cache lru-cache@https://registry.npmjs.org/lru-cache/-/lru-cache-11.3.3.tgz 0ms (cache hit)
525 http cache balanced-match@https://registry.npmjs.org/balanced-match/-/balanced-match-4.0.4.tgz 0ms (cache hit)
526 http cache brace-expansion@https://registry.npmjs.org/brace-expansion/-/brace-expansion-5.0.5.tgz 0ms (cache hit)
527 http cache path-scurry@https://registry.npmjs.org/path-scurry/-/path-scurry-2.0.2.tgz 0ms (cache hit)
528 http cache minipass@https://registry.npmjs.org/minipass/-/minipass-7.1.3.tgz 0ms (cache hit)
529 http cache minimatch@https://registry.npmjs.org/minimatch/-/minimatch-10.2.5.tgz 0ms (cache hit)
530 http cache package-json-from-dist@https://registry.npmjs.org/package-json-from-dist/-/package-json-from-dist-1.0.1.tgz 0ms (cache hit)
531 http cache glob@https://registry.npmjs.org/glob/-/glob-13.0.6.tgz 0ms (cache hit)
532 http cache sisteransi@https://registry.npmjs.org/sisteransi/-/sisteransi-1.0.5.tgz 0ms (cache hit)
533 http cache base64-js@https://registry.npmjs.org/base64-js/-/base64-js-1.5.1.tgz 0ms (cache hit)
534 http cache @xmldom/xmldom@https://registry.npmjs.org/@xmldom/xmldom/-/xmldom-0.8.12.tgz 0ms (cache hit)
535 http cache is-wsl@https://registry.npmjs.org/is-wsl/-/is-wsl-2.2.0.tgz 0ms (cache hit)
536 http cache is-docker@https://registry.npmjs.org/is-docker/-/is-docker-2.2.1.tgz 0ms (cache hit)
537 http cache define-lazy-prop@https://registry.npmjs.org/define-lazy-prop/-/define-lazy-prop-2.0.0.tgz 0ms (cache hit)
538 http cache sax@https://registry.npmjs.org/sax/-/sax-1.1.4.tgz 0ms (cache hit)
539 http cache big-integer@https://registry.npmjs.org/big-integer/-/big-integer-1.6.52.tgz 0ms (cache hit)
540 http cache yauzl@https://registry.npmjs.org/yauzl/-/yauzl-2.10.0.tgz 0ms (cache hit)
541 http cache through2@https://registry.npmjs.org/through2/-/through2-4.0.2.tgz 0ms (cache hit)
542 http cache split2@https://registry.npmjs.org/split2/-/split2-4.2.0.tgz 0ms (cache hit)
543 http cache ini@https://registry.npmjs.org/ini/-/ini-4.1.3.tgz 0ms (cache hit)
544 http cache elementtree@https://registry.npmjs.org/elementtree/-/elementtree-0.1.7.tgz 0ms (cache hit)
545 http cache bplist-parser@https://registry.npmjs.org/bplist-parser/-/bplist-parser-0.3.2.tgz 0ms (cache hit)
546 http cache universalify@https://registry.npmjs.org/universalify/-/universalify-2.0.1.tgz 0ms (cache hit)
547 http cache jsonfile@https://registry.npmjs.org/jsonfile/-/jsonfile-6.2.0.tgz 0ms (cache hit)
548 http cache graceful-fs@https://registry.npmjs.org/graceful-fs/-/graceful-fs-4.2.11.tgz 0ms (cache hit)
549 http cache ms@https://registry.npmjs.org/ms/-/ms-2.1.3.tgz 1ms (cache hit)
550 http cache which@https://registry.npmjs.org/which/-/which-2.0.2.tgz 0ms (cache hit)
551 http cache shebang-command@https://registry.npmjs.org/shebang-command/-/shebang-command-2.0.0.tgz 0ms (cache hit)
552 http cache path-key@https://registry.npmjs.org/path-key/-/path-key-3.1.1.tgz 0ms (cache hit)
553 http cache undici-types@https://registry.npmjs.org/undici-types/-/undici-types-7.19.2.tgz 1ms (cache hit)
554 http cache xmlbuilder@https://registry.npmjs.org/xmlbuilder/-/xmlbuilder-15.1.1.tgz 0ms (cache hit)
555 http cache @types/node@https://registry.npmjs.org/@types/node/-/node-25.6.0.tgz 0ms (cache hit)
556 http cache wrap-ansi@https://registry.npmjs.org/wrap-ansi/-/wrap-ansi-7.0.0.tgz 0ms (cache hit)
557 http cache untildify@https://registry.npmjs.org/untildify/-/untildify-4.0.0.tgz 0ms (cache hit)
558 http cache strip-ansi@https://registry.npmjs.org/strip-ansi/-/strip-ansi-6.0.1.tgz 0ms (cache hit)
559 http cache string-width@https://registry.npmjs.org/string-width/-/string-width-4.2.3.tgz 0ms (cache hit)
560 http cache slice-ansi@https://registry.npmjs.org/slice-ansi/-/slice-ansi-4.0.0.tgz 0ms (cache hit)
561 http cache @types/slice-ansi@https://registry.npmjs.org/@types/slice-ansi/-/slice-ansi-4.0.0.tgz 0ms (cache hit)
562 http cache tree-kill@https://registry.npmjs.org/tree-kill/-/tree-kill-1.2.2.tgz 0ms (cache hit)
563 http cache signal-exit@https://registry.npmjs.org/signal-exit/-/signal-exit-3.0.7.tgz 0ms (cache hit)
564 http cache @types/fs-extra@https://registry.npmjs.org/@types/fs-extra/-/fs-extra-8.1.5.tgz 0ms (cache hit)
565 http cache @ionic/utils-object@https://registry.npmjs.org/@ionic/utils-object/-/utils-object-2.1.6.tgz 0ms (cache hit)
566 http cache cross-spawn@https://registry.npmjs.org/cross-spawn/-/cross-spawn-7.0.6.tgz 0ms (cache hit)
567 http cache @ionic/utils-stream@https://registry.npmjs.org/@ionic/utils-stream/-/utils-stream-3.1.7.tgz 0ms (cache hit)
568 http cache @ionic/utils-process@https://registry.npmjs.org/@ionic/utils-process/-/utils-process-2.1.12.tgz 0ms (cache hit)
569 http cache @ionic/utils-fs@https://registry.npmjs.org/@ionic/utils-fs/-/utils-fs-3.1.7.tgz 0ms (cache hit)
570 http cache @ionic/utils-array@https://registry.npmjs.org/@ionic/utils-array/-/utils-array-2.1.6.tgz 0ms (cache hit)
571 http cache xml2js@https://registry.npmjs.org/xml2js/-/xml2js-0.6.2.tgz 0ms (cache hit)
572 http cache tslib@https://registry.npmjs.org/tslib/-/tslib-2.8.1.tgz 0ms (cache hit)
573 http cache tar@https://registry.npmjs.org/tar/-/tar-7.5.13.tgz 0ms (cache hit)
574 http cache semver@https://registry.npmjs.org/semver/-/semver-7.7.4.tgz 0ms (cache hit)
575 http cache rimraf@https://registry.npmjs.org/rimraf/-/rimraf-6.1.3.tgz 0ms (cache hit)
576 http cache prompts@https://registry.npmjs.org/prompts/-/prompts-2.4.2.tgz 0ms (cache hit)
577 http cache plist@https://registry.npmjs.org/plist/-/plist-3.1.0.tgz 0ms (cache hit)
578 http cache open@https://registry.npmjs.org/open/-/open-8.4.2.tgz 0ms (cache hit)
579 http cache native-run@https://registry.npmjs.org/native-run/-/native-run-2.0.3.tgz 0ms (cache hit)
580 http cache kleur@https://registry.npmjs.org/kleur/-/kleur-4.1.5.tgz 0ms (cache hit)
581 http cache fs-extra@https://registry.npmjs.org/fs-extra/-/fs-extra-11.3.4.tgz 0ms (cache hit)
582 http cache env-paths@https://registry.npmjs.org/env-paths/-/env-paths-2.2.1.tgz 0ms (cache hit)
583 http cache debug@https://registry.npmjs.org/debug/-/debug-4.4.3.tgz 0ms (cache hit)
584 http cache commander@https://registry.npmjs.org/commander/-/commander-12.1.0.tgz 0ms (cache hit)
585 http cache @ionic/utils-terminal@https://registry.npmjs.org/@ionic/utils-terminal/-/utils-terminal-2.3.5.tgz 0ms (cache hit)
586 http cache @ionic/utils-subprocess@https://registry.npmjs.org/@ionic/utils-subprocess/-/utils-subprocess-3.0.1.tgz 0ms (cache hit)
587 http cache @ionic/cli-framework-output@https://registry.npmjs.org/@ionic/cli-framework-output/-/cli-framework-output-2.2.8.tgz 0ms (cache hit)
588 http cache @capacitor/core@https://registry.npmjs.org/@capacitor/core/-/core-8.3.0.tgz 0ms (cache hit)
589 http cache @capacitor/cli@https://registry.npmjs.org/@capacitor/cli/-/cli-8.3.0.tgz 0ms (cache hit)
590 http cache fs-extra@https://registry.npmjs.org/fs-extra/-/fs-extra-9.1.0.tgz 0ms (cache hit)
591 http cache xmlbuilder@https://registry.npmjs.org/xmlbuilder/-/xmlbuilder-11.0.1.tgz 0ms (cache hit)
592 http cache kleur@https://registry.npmjs.org/kleur/-/kleur-3.0.3.tgz 0ms (cache hit)
593 silly tarball no local data for pend@https://registry.npmjs.org/pend/-/pend-1.2.0.tgz. Extracting by manifest.
594 silly tarball no local data for at-least-node@https://registry.npmjs.org/at-least-node/-/at-least-node-1.0.0.tgz. Extracting by manifest.
595 silly tarball no local data for fd-slicer@https://registry.npmjs.org/fd-slicer/-/fd-slicer-1.1.0.tgz. Extracting by manifest.
596 silly tarball no local data for isexe@https://registry.npmjs.org/isexe/-/isexe-2.0.0.tgz. Extracting by manifest.
597 silly tarball no local data for safe-buffer@https://registry.npmjs.org/safe-buffer/-/safe-buffer-5.2.1.tgz. Extracting by manifest.
598 silly tarball no local data for util-deprecate@https://registry.npmjs.org/util-deprecate/-/util-deprecate-1.0.2.tgz. Extracting by manifest.
599 silly tarball no local data for buffer-crc32@https://registry.npmjs.org/buffer-crc32/-/buffer-crc32-0.2.13.tgz. Extracting by manifest.
600 silly tarball no local data for string_decoder@https://registry.npmjs.org/string_decoder/-/string_decoder-1.3.0.tgz. Extracting by manifest.
601 silly tarball no local data for inherits@https://registry.npmjs.org/inherits/-/inherits-2.0.4.tgz. Extracting by manifest.
602 silly tarball no local data for readable-stream@https://registry.npmjs.org/readable-stream/-/readable-stream-3.6.2.tgz. Extracting by manifest.
603 silly tarball no local data for minizlib@https://registry.npmjs.org/minizlib/-/minizlib-3.1.0.tgz. Extracting by manifest.
604 silly tarball no local data for yallist@https://registry.npmjs.org/yallist/-/yallist-5.0.0.tgz. Extracting by manifest.
605 silly tarball no local data for chownr@https://registry.npmjs.org/chownr/-/chownr-3.0.0.tgz. Extracting by manifest.
606 silly tarball no local data for @isaacs/fs-minipass@https://registry.npmjs.org/@isaacs/fs-minipass/-/fs-minipass-4.0.1.tgz. Extracting by manifest.
607 silly tarball no local data for ansi-regex@https://registry.npmjs.org/ansi-regex/-/ansi-regex-5.0.1.tgz. Extracting by manifest.
608 silly tarball no local data for emoji-regex@https://registry.npmjs.org/emoji-regex/-/emoji-regex-8.0.0.tgz. Extracting by manifest.
609 silly tarball no local data for color-name@https://registry.npmjs.org/color-name/-/color-name-1.1.4.tgz. Extracting by manifest.
610 silly tarball no local data for is-fullwidth-code-point@https://registry.npmjs.org/is-fullwidth-code-point/-/is-fullwidth-code-point-3.0.0.tgz. Extracting by manifest.
611 silly tarball no local data for color-convert@https://registry.npmjs.org/color-convert/-/color-convert-2.0.1.tgz. Extracting by manifest.
612 silly tarball no local data for ansi-styles@https://registry.npmjs.org/ansi-styles/-/ansi-styles-4.3.0.tgz. Extracting by manifest.
613 silly tarball no local data for shebang-regex@https://registry.npmjs.org/shebang-regex/-/shebang-regex-3.0.0.tgz. Extracting by manifest.
614 silly tarball no local data for astral-regex@https://registry.npmjs.org/astral-regex/-/astral-regex-2.0.0.tgz. Extracting by manifest.
615 silly tarball no local data for lru-cache@https://registry.npmjs.org/lru-cache/-/lru-cache-11.3.3.tgz. Extracting by manifest.
616 silly tarball no local data for balanced-match@https://registry.npmjs.org/balanced-match/-/balanced-match-4.0.4.tgz. Extracting by manifest.
617 silly tarball no local data for brace-expansion@https://registry.npmjs.org/brace-expansion/-/brace-expansion-5.0.5.tgz. Extracting by manifest.
618 silly tarball no local data for path-scurry@https://registry.npmjs.org/path-scurry/-/path-scurry-2.0.2.tgz. Extracting by manifest.
619 silly tarball no local data for minipass@https://registry.npmjs.org/minipass/-/minipass-7.1.3.tgz. Extracting by manifest.
620 silly tarball no local data for minimatch@https://registry.npmjs.org/minimatch/-/minimatch-10.2.5.tgz. Extracting by manifest.
621 silly tarball no local data for package-json-from-dist@https://registry.npmjs.org/package-json-from-dist/-/package-json-from-dist-1.0.1.tgz. Extracting by manifest.
622 silly tarball no local data for glob@https://registry.npmjs.org/glob/-/glob-13.0.6.tgz. Extracting by manifest.
623 silly tarball no local data for sisteransi@https://registry.npmjs.org/sisteransi/-/sisteransi-1.0.5.tgz. Extracting by manifest.
624 silly tarball no local data for base64-js@https://registry.npmjs.org/base64-js/-/base64-js-1.5.1.tgz. Extracting by manifest.
625 silly tarball no local data for @xmldom/xmldom@https://registry.npmjs.org/@xmldom/xmldom/-/xmldom-0.8.12.tgz. Extracting by manifest.
626 silly tarball no local data for is-wsl@https://registry.npmjs.org/is-wsl/-/is-wsl-2.2.0.tgz. Extracting by manifest.
627 silly tarball no local data for is-docker@https://registry.npmjs.org/is-docker/-/is-docker-2.2.1.tgz. Extracting by manifest.
628 silly tarball no local data for define-lazy-prop@https://registry.npmjs.org/define-lazy-prop/-/define-lazy-prop-2.0.0.tgz. Extracting by manifest.
629 silly tarball no local data for sax@https://registry.npmjs.org/sax/-/sax-1.1.4.tgz. Extracting by manifest.
630 silly tarball no local data for big-integer@https://registry.npmjs.org/big-integer/-/big-integer-1.6.52.tgz. Extracting by manifest.
631 silly tarball no local data for yauzl@https://registry.npmjs.org/yauzl/-/yauzl-2.10.0.tgz. Extracting by manifest.
632 silly tarball no local data for through2@https://registry.npmjs.org/through2/-/through2-4.0.2.tgz. Extracting by manifest.
633 silly tarball no local data for split2@https://registry.npmjs.org/split2/-/split2-4.2.0.tgz. Extracting by manifest.
634 silly tarball no local data for ini@https://registry.npmjs.org/ini/-/ini-4.1.3.tgz. Extracting by manifest.
635 silly tarball no local data for elementtree@https://registry.npmjs.org/elementtree/-/elementtree-0.1.7.tgz. Extracting by manifest.
636 silly tarball no local data for bplist-parser@https://registry.npmjs.org/bplist-parser/-/bplist-parser-0.3.2.tgz. Extracting by manifest.
637 silly tarball no local data for universalify@https://registry.npmjs.org/universalify/-/universalify-2.0.1.tgz. Extracting by manifest.
638 silly tarball no local data for jsonfile@https://registry.npmjs.org/jsonfile/-/jsonfile-6.2.0.tgz. Extracting by manifest.
639 silly tarball no local data for graceful-fs@https://registry.npmjs.org/graceful-fs/-/graceful-fs-4.2.11.tgz. Extracting by manifest.
640 silly tarball no local data for ms@https://registry.npmjs.org/ms/-/ms-2.1.3.tgz. Extracting by manifest.
641 silly tarball no local data for which@https://registry.npmjs.org/which/-/which-2.0.2.tgz. Extracting by manifest.
642 silly tarball no local data for shebang-command@https://registry.npmjs.org/shebang-command/-/shebang-command-2.0.0.tgz. Extracting by manifest.
643 silly tarball no local data for path-key@https://registry.npmjs.org/path-key/-/path-key-3.1.1.tgz. Extracting by manifest.
644 silly tarball no local data for undici-types@https://registry.npmjs.org/undici-types/-/undici-types-7.19.2.tgz. Extracting by manifest.
645 silly tarball no local data for xmlbuilder@https://registry.npmjs.org/xmlbuilder/-/xmlbuilder-15.1.1.tgz. Extracting by manifest.
646 silly tarball no local data for @types/node@https://registry.npmjs.org/@types/node/-/node-25.6.0.tgz. Extracting by manifest.
647 silly tarball no local data for wrap-ansi@https://registry.npmjs.org/wrap-ansi/-/wrap-ansi-7.0.0.tgz. Extracting by manifest.
648 silly tarball no local data for untildify@https://registry.npmjs.org/untildify/-/untildify-4.0.0.tgz. Extracting by manifest.
649 silly tarball no local data for strip-ansi@https://registry.npmjs.org/strip-ansi/-/strip-ansi-6.0.1.tgz. Extracting by manifest.
650 silly tarball no local data for string-width@https://registry.npmjs.org/string-width/-/string-width-4.2.3.tgz. Extracting by manifest.
651 silly tarball no local data for slice-ansi@https://registry.npmjs.org/slice-ansi/-/slice-ansi-4.0.0.tgz. Extracting by manifest.
652 silly tarball no local data for @types/slice-ansi@https://registry.npmjs.org/@types/slice-ansi/-/slice-ansi-4.0.0.tgz. Extracting by manifest.
653 silly tarball no local data for tree-kill@https://registry.npmjs.org/tree-kill/-/tree-kill-1.2.2.tgz. Extracting by manifest.
654 silly tarball no local data for signal-exit@https://registry.npmjs.org/signal-exit/-/signal-exit-3.0.7.tgz. Extracting by manifest.
655 silly tarball no local data for @types/fs-extra@https://registry.npmjs.org/@types/fs-extra/-/fs-extra-8.1.5.tgz. Extracting by manifest.
656 silly tarball no local data for @ionic/utils-object@https://registry.npmjs.org/@ionic/utils-object/-/utils-object-2.1.6.tgz. Extracting by manifest.
657 silly tarball no local data for cross-spawn@https://registry.npmjs.org/cross-spawn/-/cross-spawn-7.0.6.tgz. Extracting by manifest.
658 silly tarball no local data for @ionic/utils-stream@https://registry.npmjs.org/@ionic/utils-stream/-/utils-stream-3.1.7.tgz. Extracting by manifest.
659 silly tarball no local data for @ionic/utils-process@https://registry.npmjs.org/@ionic/utils-process/-/utils-process-2.1.12.tgz. Extracting by manifest.
660 silly tarball no local data for @ionic/utils-fs@https://registry.npmjs.org/@ionic/utils-fs/-/utils-fs-3.1.7.tgz. Extracting by manifest.
661 silly tarball no local data for @ionic/utils-array@https://registry.npmjs.org/@ionic/utils-array/-/utils-array-2.1.6.tgz. Extracting by manifest.
662 silly tarball no local data for xml2js@https://registry.npmjs.org/xml2js/-/xml2js-0.6.2.tgz. Extracting by manifest.
663 silly tarball no local data for tslib@https://registry.npmjs.org/tslib/-/tslib-2.8.1.tgz. Extracting by manifest.
664 silly tarball no local data for tar@https://registry.npmjs.org/tar/-/tar-7.5.13.tgz. Extracting by manifest.
665 silly tarball no local data for semver@https://registry.npmjs.org/semver/-/semver-7.7.4.tgz. Extracting by manifest.
666 silly tarball no local data for rimraf@https://registry.npmjs.org/rimraf/-/rimraf-6.1.3.tgz. Extracting by manifest.
667 silly tarball no local data for prompts@https://registry.npmjs.org/prompts/-/prompts-2.4.2.tgz. Extracting by manifest.
668 silly tarball no local data for plist@https://registry.npmjs.org/plist/-/plist-3.1.0.tgz. Extracting by manifest.
669 silly tarball no local data for open@https://registry.npmjs.org/open/-/open-8.4.2.tgz. Extracting by manifest.
670 silly tarball no local data for native-run@https://registry.npmjs.org/native-run/-/native-run-2.0.3.tgz. Extracting by manifest.
671 silly tarball no local data for kleur@https://registry.npmjs.org/kleur/-/kleur-4.1.5.tgz. Extracting by manifest.
672 silly tarball no local data for fs-extra@https://registry.npmjs.org/fs-extra/-/fs-extra-11.3.4.tgz. Extracting by manifest.
673 silly tarball no local data for env-paths@https://registry.npmjs.org/env-paths/-/env-paths-2.2.1.tgz. Extracting by manifest.
674 silly tarball no local data for debug@https://registry.npmjs.org/debug/-/debug-4.4.3.tgz. Extracting by manifest.
675 silly tarball no local data for commander@https://registry.npmjs.org/commander/-/commander-12.1.0.tgz. Extracting by manifest.
676 silly tarball no local data for @ionic/utils-terminal@https://registry.npmjs.org/@ionic/utils-terminal/-/utils-terminal-2.3.5.tgz. Extracting by manifest.
677 silly tarball no local data for @ionic/utils-subprocess@https://registry.npmjs.org/@ionic/utils-subprocess/-/utils-subprocess-3.0.1.tgz. Extracting by manifest.
678 silly tarball no local data for @ionic/cli-framework-output@https://registry.npmjs.org/@ionic/cli-framework-output/-/cli-framework-output-2.2.8.tgz. Extracting by manifest.
679 silly tarball no local data for @capacitor/core@https://registry.npmjs.org/@capacitor/core/-/core-8.3.0.tgz. Extracting by manifest.
680 silly tarball no local data for @capacitor/cli@https://registry.npmjs.org/@capacitor/cli/-/cli-8.3.0.tgz. Extracting by manifest.
681 silly tarball no local data for fs-extra@https://registry.npmjs.org/fs-extra/-/fs-extra-9.1.0.tgz. Extracting by manifest.
682 silly tarball no local data for xmlbuilder@https://registry.npmjs.org/xmlbuilder/-/xmlbuilder-11.0.1.tgz. Extracting by manifest.
683 silly tarball no local data for kleur@https://registry.npmjs.org/kleur/-/kleur-3.0.3.tgz. Extracting by manifest.
684 http fetch GET 200 https://registry.npmjs.org/at-least-node/-/at-least-node-1.0.0.tgz 425ms (cache miss)
685 http fetch GET 200 https://registry.npmjs.org/pend/-/pend-1.2.0.tgz 430ms (cache miss)
686 http fetch GET 200 https://registry.npmjs.org/emoji-regex/-/emoji-regex-8.0.0.tgz 816ms (cache miss)
687 http fetch GET 200 https://registry.npmjs.org/color-name/-/color-name-1.1.4.tgz 840ms (cache miss)
688 http fetch GET 200 https://registry.npmjs.org/is-fullwidth-code-point/-/is-fullwidth-code-point-3.0.0.tgz 912ms (cache miss)
689 http fetch GET 200 https://registry.npmjs.org/color-convert/-/color-convert-2.0.1.tgz 920ms (cache miss)
690 http fetch GET 200 https://registry.npmjs.org/ansi-regex/-/ansi-regex-5.0.1.tgz 974ms (cache miss)
691 http fetch GET 200 https://registry.npmjs.org/inherits/-/inherits-2.0.4.tgz 1131ms (cache miss)
692 http fetch GET 200 https://registry.npmjs.org/isexe/-/isexe-2.0.0.tgz 1143ms (cache miss)
693 http fetch GET 200 https://registry.npmjs.org/ansi-styles/-/ansi-styles-4.3.0.tgz 1108ms (cache miss)
694 http fetch GET 200 https://registry.npmjs.org/string_decoder/-/string_decoder-1.3.0.tgz 1135ms (cache miss)
695 http fetch GET 200 https://registry.npmjs.org/shebang-regex/-/shebang-regex-3.0.0.tgz 1113ms (cache miss)
696 http fetch GET 200 https://registry.npmjs.org/buffer-crc32/-/buffer-crc32-0.2.13.tgz 1215ms (cache miss)
697 http fetch GET 200 https://registry.npmjs.org/fd-slicer/-/fd-slicer-1.1.0.tgz 1245ms (cache miss)
698 http fetch GET 200 https://registry.npmjs.org/astral-regex/-/astral-regex-2.0.0.tgz 1231ms (cache miss)
699 http fetch GET 200 https://registry.npmjs.org/package-json-from-dist/-/package-json-from-dist-1.0.1.tgz 1301ms (cache miss)
700 http fetch GET 200 https://registry.npmjs.org/base64-js/-/base64-js-1.5.1.tgz 1314ms (cache miss)
701 http fetch GET 200 https://registry.npmjs.org/sisteransi/-/sisteransi-1.0.5.tgz 1327ms (cache miss)
702 http fetch GET 200 https://registry.npmjs.org/is-wsl/-/is-wsl-2.2.0.tgz 1351ms (cache miss)
703 http fetch GET 200 https://registry.npmjs.org/is-docker/-/is-docker-2.2.1.tgz 1350ms (cache miss)
704 http fetch GET 200 https://registry.npmjs.org/define-lazy-prop/-/define-lazy-prop-2.0.0.tgz 1541ms (cache miss)
705 http fetch GET 200 https://registry.npmjs.org/yauzl/-/yauzl-2.10.0.tgz 1548ms (cache miss)
706 http fetch GET 200 https://registry.npmjs.org/util-deprecate/-/util-deprecate-1.0.2.tgz 1618ms (cache miss)
707 http fetch GET 200 https://registry.npmjs.org/big-integer/-/big-integer-1.6.52.tgz 1575ms (cache miss)
708 http fetch GET 200 https://registry.npmjs.org/split2/-/split2-4.2.0.tgz 1599ms (cache miss)
709 http fetch GET 200 https://registry.npmjs.org/ini/-/ini-4.1.3.tgz 1608ms (cache miss)
710 http fetch GET 200 https://registry.npmjs.org/chownr/-/chownr-3.0.0.tgz 1710ms (cache miss)
711 http fetch GET 200 https://registry.npmjs.org/which/-/which-2.0.2.tgz 1647ms (cache miss)
712 http fetch GET 200 https://registry.npmjs.org/safe-buffer/-/safe-buffer-5.2.1.tgz 1740ms (cache miss)
713 http fetch GET 200 https://registry.npmjs.org/bplist-parser/-/bplist-parser-0.3.2.tgz 1678ms (cache miss)
714 http fetch GET 200 https://registry.npmjs.org/shebang-command/-/shebang-command-2.0.0.tgz 1678ms (cache miss)
715 http fetch GET 200 https://registry.npmjs.org/ms/-/ms-2.1.3.tgz 1720ms (cache miss)
716 http fetch GET 200 https://registry.npmjs.org/jsonfile/-/jsonfile-6.2.0.tgz 1731ms (cache miss)
717 http fetch GET 200 https://registry.npmjs.org/through2/-/through2-4.0.2.tgz 1763ms (cache miss)
718 http fetch GET 200 https://registry.npmjs.org/path-key/-/path-key-3.1.1.tgz 1750ms (cache miss)
719 http fetch GET 200 https://registry.npmjs.org/universalify/-/universalify-2.0.1.tgz 1920ms (cache miss)
720 http fetch GET 200 https://registry.npmjs.org/sax/-/sax-1.1.4.tgz 1955ms (cache miss)
721 http fetch GET 200 https://registry.npmjs.org/wrap-ansi/-/wrap-ansi-7.0.0.tgz 1945ms (cache miss)
722 http fetch GET 200 https://registry.npmjs.org/string-width/-/string-width-4.2.3.tgz 1944ms (cache miss)
723 http fetch GET 200 https://registry.npmjs.org/strip-ansi/-/strip-ansi-6.0.1.tgz 1954ms (cache miss)
724 http fetch GET 200 https://registry.npmjs.org/signal-exit/-/signal-exit-3.0.7.tgz 1956ms (cache miss)
725 http fetch GET 200 https://registry.npmjs.org/yallist/-/yallist-5.0.0.tgz 2060ms (cache miss)
726 http fetch GET 200 https://registry.npmjs.org/tree-kill/-/tree-kill-1.2.2.tgz 1982ms (cache miss)
727 http fetch GET 200 https://registry.npmjs.org/balanced-match/-/balanced-match-4.0.4.tgz 2090ms (cache miss)
728 http fetch GET 200 https://registry.npmjs.org/slice-ansi/-/slice-ansi-4.0.0.tgz 2040ms (cache miss)
729 http fetch GET 200 https://registry.npmjs.org/untildify/-/untildify-4.0.0.tgz 2047ms (cache miss)
730 http fetch GET 200 https://registry.npmjs.org/brace-expansion/-/brace-expansion-5.0.5.tgz 2116ms (cache miss)
731 http fetch GET 200 https://registry.npmjs.org/graceful-fs/-/graceful-fs-4.2.11.tgz 2076ms (cache miss)
732 http fetch GET 200 https://registry.npmjs.org/cross-spawn/-/cross-spawn-7.0.6.tgz 2078ms (cache miss)
733 http fetch GET 200 https://registry.npmjs.org/@types/slice-ansi/-/slice-ansi-4.0.0.tgz 2095ms (cache miss)
734 http fetch GET 200 https://registry.npmjs.org/open/-/open-8.4.2.tgz 2064ms (cache miss)
735 http fetch GET 200 https://registry.npmjs.org/@types/fs-extra/-/fs-extra-8.1.5.tgz 2165ms (cache miss)
736 http fetch GET 200 https://registry.npmjs.org/tslib/-/tslib-2.8.1.tgz 2191ms (cache miss)
737 http fetch GET 200 https://registry.npmjs.org/@ionic/utils-fs/-/utils-fs-3.1.7.tgz 2260ms (cache miss)
738 http fetch GET 200 https://registry.npmjs.org/elementtree/-/elementtree-0.1.7.tgz 2376ms (cache miss)
739 http fetch GET 200 https://registry.npmjs.org/@isaacs/fs-minipass/-/fs-minipass-4.0.1.tgz 2436ms (cache miss)
740 http fetch GET 200 https://registry.npmjs.org/debug/-/debug-4.4.3.tgz 2314ms (cache miss)
741 http fetch GET 200 https://registry.npmjs.org/@ionic/utils-process/-/utils-process-2.1.12.tgz 2363ms (cache miss)
742 http fetch GET 200 https://registry.npmjs.org/@ionic/utils-stream/-/utils-stream-3.1.7.tgz 2373ms (cache miss)
743 http fetch GET 200 https://registry.npmjs.org/minizlib/-/minizlib-3.1.0.tgz 2529ms (cache miss)
744 http fetch GET 200 https://registry.npmjs.org/minipass/-/minipass-7.1.3.tgz 2537ms (cache miss)
745 http fetch GET 200 https://registry.npmjs.org/undici-types/-/undici-types-7.19.2.tgz 2514ms (cache miss)
746 http fetch GET 200 https://registry.npmjs.org/kleur/-/kleur-4.1.5.tgz 2470ms (cache miss)
747 http fetch GET 200 https://registry.npmjs.org/path-scurry/-/path-scurry-2.0.2.tgz 2571ms (cache miss)
748 http fetch GET 200 https://registry.npmjs.org/readable-stream/-/readable-stream-3.6.2.tgz 2628ms (cache miss)
749 http fetch GET 200 https://registry.npmjs.org/plist/-/plist-3.1.0.tgz 2501ms (cache miss)
750 http fetch GET 200 https://registry.npmjs.org/@ionic/utils-array/-/utils-array-2.1.6.tgz 2582ms (cache miss)
751 http fetch GET 200 https://registry.npmjs.org/@xmldom/xmldom/-/xmldom-0.8.12.tgz 2690ms (cache miss)
752 http fetch GET 200 https://registry.npmjs.org/@ionic/cli-framework-output/-/cli-framework-output-2.2.8.tgz 2610ms (cache miss)
753 http fetch GET 200 https://registry.npmjs.org/@ionic/utils-terminal/-/utils-terminal-2.3.5.tgz 2618ms (cache miss)
754 http fetch GET 200 https://registry.npmjs.org/env-paths/-/env-paths-2.2.1.tgz 2632ms (cache miss)
755 http fetch GET 200 https://registry.npmjs.org/kleur/-/kleur-3.0.3.tgz 2630ms (cache miss)
756 http fetch GET 200 https://registry.npmjs.org/@ionic/utils-subprocess/-/utils-subprocess-3.0.1.tgz 2734ms (cache miss)
757 http fetch GET 200 https://registry.npmjs.org/xmlbuilder/-/xmlbuilder-15.1.1.tgz 2868ms (cache miss)
758 http fetch GET 200 https://registry.npmjs.org/semver/-/semver-7.7.4.tgz 2831ms (cache miss)
759 http fetch GET 200 https://registry.npmjs.org/xmlbuilder/-/xmlbuilder-11.0.1.tgz 2928ms (cache miss)
760 http fetch GET 200 https://registry.npmjs.org/fs-extra/-/fs-extra-9.1.0.tgz 3046ms (cache miss)
761 http fetch GET 200 https://registry.npmjs.org/minimatch/-/minimatch-10.2.5.tgz 3166ms (cache miss)
762 http fetch GET 200 https://registry.npmjs.org/lru-cache/-/lru-cache-11.3.3.tgz 3219ms (cache miss)
763 http fetch GET 200 https://registry.npmjs.org/xml2js/-/xml2js-0.6.2.tgz 3141ms (cache miss)
764 http fetch GET 200 https://registry.npmjs.org/@capacitor/core/-/core-8.3.0.tgz 3171ms (cache miss)
765 http fetch GET 200 https://registry.npmjs.org/@types/node/-/node-25.6.0.tgz 3256ms (cache miss)
766 http fetch GET 200 https://registry.npmjs.org/@ionic/utils-object/-/utils-object-2.1.6.tgz 3282ms (cache miss)
767 http fetch GET 200 https://registry.npmjs.org/glob/-/glob-13.0.6.tgz 3380ms (cache miss)
768 http fetch GET 200 https://registry.npmjs.org/@capacitor/cli/-/cli-8.3.0.tgz 3545ms (cache miss)
769 http fetch GET 200 https://registry.npmjs.org/commander/-/commander-12.1.0.tgz 3653ms (cache miss)
770 http fetch GET 200 https://registry.npmjs.org/fs-extra/-/fs-extra-11.3.4.tgz 3694ms (cache miss)
771 http fetch GET 200 https://registry.npmjs.org/prompts/-/prompts-2.4.2.tgz 3717ms (cache miss)
772 http fetch GET 200 https://registry.npmjs.org/rimraf/-/rimraf-6.1.3.tgz 3729ms (cache miss)
773 http fetch GET 200 https://registry.npmjs.org/tar/-/tar-7.5.13.tgz 3932ms (cache miss)
774 http fetch GET 200 https://registry.npmjs.org/native-run/-/native-run-2.0.3.tgz 3937ms (cache miss)
775 silly ADD node_modules/at-least-node
776 silly ADD node_modules/pend
777 silly ADD node_modules/fd-slicer
778 silly ADD node_modules/buffer-crc32
779 silly ADD node_modules/isexe
780 silly ADD node_modules/safe-buffer
781 silly ADD node_modules/util-deprecate
782 silly ADD node_modules/string_decoder
783 silly ADD node_modules/inherits
784 silly ADD node_modules/readable-stream
785 silly ADD node_modules/yallist
786 silly ADD node_modules/minizlib
787 silly ADD node_modules/chownr
788 silly ADD node_modules/@isaacs/fs-minipass
789 silly ADD node_modules/ansi-regex
790 silly ADD node_modules/emoji-regex
791 silly ADD node_modules/color-name
792 silly ADD node_modules/color-convert
793 silly ADD node_modules/is-fullwidth-code-point
794 silly ADD node_modules/astral-regex
795 silly ADD node_modules/ansi-styles
796 silly ADD node_modules/shebang-regex
797 silly ADD node_modules/lru-cache
798 silly ADD node_modules/balanced-match
799 silly ADD node_modules/brace-expansion
800 silly ADD node_modules/path-scurry
801 silly ADD node_modules/minipass
802 silly ADD node_modules/minimatch
803 silly ADD node_modules/package-json-from-dist
804 silly ADD node_modules/glob
805 silly ADD node_modules/sisteransi
806 silly ADD node_modules/xmlbuilder
807 silly ADD node_modules/base64-js
808 silly ADD node_modules/@xmldom/xmldom
809 silly ADD node_modules/is-wsl
810 silly ADD node_modules/is-docker
811 silly ADD node_modules/define-lazy-prop
812 silly ADD node_modules/sax
813 silly ADD node_modules/big-integer
814 silly ADD node_modules/yauzl
815 silly ADD node_modules/through2
816 silly ADD node_modules/split2
817 silly ADD node_modules/ini
818 silly ADD node_modules/elementtree
819 silly ADD node_modules/bplist-parser
820 silly ADD node_modules/universalify
821 silly ADD node_modules/jsonfile
822 silly ADD node_modules/graceful-fs
823 silly ADD node_modules/ms
824 silly ADD node_modules/which
825 silly ADD node_modules/shebang-command
826 silly ADD node_modules/path-key
827 silly ADD node_modules/undici-types
828 silly ADD node_modules/@types/node
829 silly ADD node_modules/wrap-ansi
830 silly ADD node_modules/untildify
831 silly ADD node_modules/strip-ansi
832 silly ADD node_modules/string-width
833 silly ADD node_modules/slice-ansi
834 silly ADD node_modules/@types/slice-ansi
835 silly ADD node_modules/tree-kill
836 silly ADD node_modules/signal-exit
837 silly ADD node_modules/@ionic/utils-object
838 silly ADD node_modules/@types/fs-extra
839 silly ADD node_modules/cross-spawn
840 silly ADD node_modules/@ionic/utils-stream
841 silly ADD node_modules/@ionic/utils-process
842 silly ADD node_modules/@ionic/utils-fs
843 silly ADD node_modules/@ionic/utils-fs/node_modules/fs-extra
844 silly ADD node_modules/@ionic/utils-array
845 silly ADD node_modules/xml2js
846 silly ADD node_modules/xml2js/node_modules/xmlbuilder
847 silly ADD node_modules/tslib
848 silly ADD node_modules/tar
849 silly ADD node_modules/semver
850 silly ADD node_modules/rimraf
851 silly ADD node_modules/prompts
852 silly ADD node_modules/prompts/node_modules/kleur
853 silly ADD node_modules/plist
854 silly ADD node_modules/open
855 silly ADD node_modules/native-run
856 silly ADD node_modules/kleur
857 silly ADD node_modules/fs-extra
858 silly ADD node_modules/env-paths
859 silly ADD node_modules/debug
860 silly ADD node_modules/commander
861 silly ADD node_modules/@ionic/utils-terminal
862 silly ADD node_modules/@ionic/utils-subprocess
863 silly ADD node_modules/@ionic/cli-framework-output
864 silly ADD node_modules/@capacitor/core
865 silly ADD node_modules/@capacitor/cli
866 verbose cwd /home/maayanngoma
867 verbose os Linux 6.6.99-09128-g14e87a8a9b71
868 verbose node v24.14.1
869 verbose npm  v11.11.0
870 notice
870 notice New [33mminor[39m version of npm available! [33m11.11.0[39m -> [34m11.12.1[39m
870 notice Changelog: [34mhttps://github.com/npm/cli/releases/tag/v11.12.1[39m
870 notice To update run: [4mnpm install -g npm@11.12.1[24m
870 notice  { force: true, Symbol(proc-log.meta): true }
871 verbose exit 0
872 info ok
