0 verbose cli /home/maayanngoma/.config/nvm/versions/node/v24.14.1/bin/node /home/maayanngoma/.config/nvm/versions/node/v24.14.1/bin/npm
1 info using npm@11.11.0
2 info using node@v24.14.1
3 silly config load:file:/home/maayanngoma/.config/nvm/versions/node/v24.14.1/lib/node_modules/npm/npmrc
4 silly config load:file:/home/maayanngoma/SimbaApp/.npmrc
5 silly config load:file:/home/maayanngoma/.npmrc
6 silly config load:file:/home/maayanngoma/.config/nvm/versions/node/v24.14.1/etc/npmrc
7 verbose title npm install @capacitor/core @capacitor/cli @capacitor/android
8 verbose argv "install" "@capacitor/core" "@capacitor/cli" "@capacitor/android"
9 verbose logfile logs-max:10 dir:/home/maayanngoma/.npm/_logs/2026-04-11T14_32_34_141Z-
10 verbose logfile /home/maayanngoma/.npm/_logs/2026-04-11T14_32_34_141Z-debug-0.log
11 silly logfile done cleaning log files
12 silly packumentCache heap:1642070016 maxSize:410517504 maxEntrySize:205258752
13 silly idealTree buildDeps
14 silly fetch manifest @capacitor/core@*
15 silly packumentCache full:https://registry.npmjs.org/@capacitor%2fcore cache-miss
16 http cache https://registry.npmjs.org/@capacitor%2fcore 96ms (cache hit)
17 silly packumentCache full:https://registry.npmjs.org/@capacitor%2fcore set size:4284717 disposed:false
18 silly fetch manifest @capacitor/cli@*
19 silly packumentCache full:https://registry.npmjs.org/@capacitor%2fcli cache-miss
20 http fetch GET 200 https://registry.npmjs.org/@capacitor%2fcli 2459ms (cache revalidated)
21 silly packumentCache full:https://registry.npmjs.org/@capacitor%2fcli set size:4639396 disposed:false
22 silly fetch manifest @capacitor/android@*
23 silly packumentCache full:https://registry.npmjs.org/@capacitor%2fandroid cache-miss
24 http cache https://registry.npmjs.org/@capacitor%2fandroid 74ms (cache hit)
25 silly packumentCache full:https://registry.npmjs.org/@capacitor%2fandroid set size:2982084 disposed:false
26 silly placeDep ROOT @capacitor/android@8.3.0 OK for: simbaapp@1.0.0 want: *
27 silly placeDep ROOT @capacitor/core@8.3.0 OK for: @capacitor/android@8.3.0 want: ^8.3.0
28 silly placeDep ROOT @capacitor/cli@8.3.0 OK for: simbaapp@1.0.0 want: *
29 silly placeDep ROOT @capacitor/core@8.3.0 REPLACE for: simbaapp@1.0.0 want: *
30 silly fetch manifest tslib@^2.1.0
31 silly packumentCache full:https://registry.npmjs.org/tslib cache-miss
32 http fetch GET 200 https://registry.npmjs.org/tslib 154ms (cache revalidated)
33 silly packumentCache full:https://registry.npmjs.org/tslib set size:108760 disposed:false
34 silly fetch manifest tar@^7.5.3
35 silly packumentCache full:https://registry.npmjs.org/tar cache-miss
36 http fetch GET 200 https://registry.npmjs.org/tar 132ms (cache revalidated)
37 silly packumentCache full:https://registry.npmjs.org/tar set size:531438 disposed:false
38 silly fetch manifest open@^8.4.0
39 silly packumentCache full:https://registry.npmjs.org/open cache-miss
40 http fetch GET 200 https://registry.npmjs.org/open 253ms (cache revalidated)
41 silly packumentCache full:https://registry.npmjs.org/open set size:136392 disposed:false
42 silly fetch manifest debug@^4.4.0
43 silly packumentCache full:https://registry.npmjs.org/debug cache-miss
44 http fetch GET 200 https://registry.npmjs.org/debug 161ms (cache revalidated)
45 silly packumentCache full:https://registry.npmjs.org/debug set size:195840 disposed:false
46 silly fetch manifest kleur@^4.1.5
47 silly packumentCache full:https://registry.npmjs.org/kleur cache-miss
48 http fetch GET 200 https://registry.npmjs.org/kleur 201ms (cache revalidated)
49 silly packumentCache full:https://registry.npmjs.org/kleur set size:61853 disposed:false
50 silly fetch manifest plist@^3.1.0
51 silly packumentCache full:https://registry.npmjs.org/plist cache-miss
52 http fetch GET 200 https://registry.npmjs.org/plist 170ms (cache revalidated)
53 silly packumentCache full:https://registry.npmjs.org/plist set size:52877 disposed:false
54 silly fetch manifest tslib@^2.8.1
55 silly packumentCache full:https://registry.npmjs.org/tslib cache-hit
56 silly fetch manifest rimraf@^6.0.1
57 silly packumentCache full:https://registry.npmjs.org/rimraf cache-miss
58 http fetch GET 200 https://registry.npmjs.org/rimraf 486ms (cache revalidated)
59 silly packumentCache full:https://registry.npmjs.org/rimraf set size:212626 disposed:false
60 silly fetch manifest semver@^7.6.3
61 silly packumentCache full:https://registry.npmjs.org/semver cache-miss
62 http fetch GET 200 https://registry.npmjs.org/semver 139ms (cache revalidated)
63 silly packumentCache full:https://registry.npmjs.org/semver set size:229620 disposed:false
64 silly fetch manifest xml2js@^0.6.2
65 silly packumentCache full:https://registry.npmjs.org/xml2js cache-miss
66 http fetch GET 200 https://registry.npmjs.org/xml2js 249ms (cache revalidated)
67 silly packumentCache full:https://registry.npmjs.org/xml2js set size:198018 disposed:false
68 silly fetch manifest prompts@^2.4.2
69 silly packumentCache full:https://registry.npmjs.org/prompts cache-miss
70 http fetch GET 200 https://registry.npmjs.org/prompts 197ms (cache revalidated)
71 silly packumentCache full:https://registry.npmjs.org/prompts set size:115896 disposed:false
72 silly fetch manifest fs-extra@^11.2.0
73 silly packumentCache full:https://registry.npmjs.org/fs-extra cache-miss
74 http fetch GET 200 https://registry.npmjs.org/fs-extra 202ms (cache revalidated)
75 silly packumentCache full:https://registry.npmjs.org/fs-extra set size:232595 disposed:false
76 silly fetch manifest commander@^12.1.0
77 silly packumentCache full:https://registry.npmjs.org/commander cache-miss
78 http fetch GET 200 https://registry.npmjs.org/commander 194ms (cache revalidated)
79 silly packumentCache full:https://registry.npmjs.org/commander set size:306325 disposed:false
80 silly fetch manifest env-paths@^2.2.0
81 silly packumentCache full:https://registry.npmjs.org/env-paths cache-miss
82 http fetch GET 200 https://registry.npmjs.org/env-paths 302ms (cache revalidated)
83 silly packumentCache full:https://registry.npmjs.org/env-paths set size:26913 disposed:false
84 silly fetch manifest native-run@^2.0.3
85 silly packumentCache full:https://registry.npmjs.org/native-run cache-miss
86 http fetch GET 200 https://registry.npmjs.org/native-run 449ms (cache revalidated)
87 silly packumentCache full:https://registry.npmjs.org/native-run set size:221047 disposed:false
88 silly fetch manifest @ionic/utils-terminal@^2.3.5
89 silly packumentCache full:https://registry.npmjs.org/@ionic%2futils-terminal cache-miss
90 http fetch GET 200 https://registry.npmjs.org/@ionic%2futils-terminal 806ms (cache revalidated)
91 silly packumentCache full:https://registry.npmjs.org/@ionic%2futils-terminal set size:118057 disposed:false
92 silly fetch manifest @ionic/utils-subprocess@^3.0.1
93 silly packumentCache full:https://registry.npmjs.org/@ionic%2futils-subprocess cache-miss
94 http fetch GET 200 https://registry.npmjs.org/@ionic%2futils-subprocess 761ms (cache revalidated)
95 silly packumentCache full:https://registry.npmjs.org/@ionic%2futils-subprocess set size:166292 disposed:false
96 silly fetch manifest @ionic/cli-framework-output@^2.2.8
97 silly packumentCache full:https://registry.npmjs.org/@ionic%2fcli-framework-output cache-miss
98 http fetch GET 200 https://registry.npmjs.org/@ionic%2fcli-framework-output 1611ms (cache revalidated)
99 silly packumentCache full:https://registry.npmjs.org/@ionic%2fcli-framework-output set size:65039 disposed:false
100 silly placeDep ROOT @ionic/cli-framework-output@2.2.8 OK for: @capacitor/cli@8.3.0 want: ^2.2.8
101 silly placeDep ROOT @ionic/utils-subprocess@3.0.1 OK for: @capacitor/cli@8.3.0 want: ^3.0.1
102 silly placeDep ROOT @ionic/utils-terminal@2.3.5 OK for: @capacitor/cli@8.3.0 want: ^2.3.5
103 silly placeDep ROOT commander@12.1.0 OK for: @capacitor/cli@8.3.0 want: ^12.1.0
104 silly placeDep ROOT debug@4.4.3 OK for: @capacitor/cli@8.3.0 want: ^4.4.0
105 silly placeDep ROOT env-paths@2.2.1 OK for: @capacitor/cli@8.3.0 want: ^2.2.0
106 silly placeDep ROOT fs-extra@11.3.4 OK for: @capacitor/cli@8.3.0 want: ^11.2.0
107 silly placeDep ROOT kleur@4.1.5 OK for: @capacitor/cli@8.3.0 want: ^4.1.5
108 silly placeDep ROOT native-run@2.0.3 OK for: @capacitor/cli@8.3.0 want: ^2.0.3
109 silly placeDep ROOT open@8.4.2 OK for: @capacitor/cli@8.3.0 want: ^8.4.0
110 silly placeDep ROOT plist@3.1.0 OK for: @capacitor/cli@8.3.0 want: ^3.1.0
111 silly placeDep ROOT prompts@2.4.2 OK for: @capacitor/cli@8.3.0 want: ^2.4.2
112 silly placeDep ROOT rimraf@6.1.3 OK for: @capacitor/cli@8.3.0 want: ^6.0.1
113 silly placeDep ROOT semver@7.7.4 OK for: @capacitor/cli@8.3.0 want: ^7.6.3
114 silly placeDep ROOT tar@7.5.13 OK for: @capacitor/cli@8.3.0 want: ^7.5.3
115 silly placeDep ROOT tslib@2.8.1 OK for: @capacitor/cli@8.3.0 want: ^2.8.1
116 silly placeDep ROOT xml2js@0.6.2 OK for: @capacitor/cli@8.3.0 want: ^0.6.2
117 silly fetch manifest @ionic/utils-terminal@2.3.5
118 silly packumentCache full:https://registry.npmjs.org/@ionic%2futils-terminal cache-hit
119 silly fetch manifest debug@^4.0.0
120 silly packumentCache full:https://registry.npmjs.org/debug cache-hit
121 silly fetch manifest tslib@^2.0.1
122 silly packumentCache full:https://registry.npmjs.org/tslib cache-hit
123 silly fetch manifest @ionic/utils-array@2.1.6
124 silly packumentCache full:https://registry.npmjs.org/@ionic%2futils-array cache-miss
125 http fetch GET 200 https://registry.npmjs.org/@ionic%2futils-array 1164ms (cache revalidated)
126 silly packumentCache full:https://registry.npmjs.org/@ionic%2futils-array set size:86082 disposed:false
127 silly fetch manifest @ionic/utils-fs@3.1.7
128 silly packumentCache full:https://registry.npmjs.org/@ionic%2futils-fs cache-miss
129 http fetch GET 200 https://registry.npmjs.org/@ionic%2futils-fs 919ms (cache revalidated)
130 silly packumentCache full:https://registry.npmjs.org/@ionic%2futils-fs set size:155283 disposed:false
131 silly fetch manifest @ionic/utils-process@2.1.12
132 silly packumentCache full:https://registry.npmjs.org/@ionic%2futils-process cache-miss
133 http fetch GET 200 https://registry.npmjs.org/@ionic%2futils-process 912ms (cache revalidated)
134 silly packumentCache full:https://registry.npmjs.org/@ionic%2futils-process set size:128236 disposed:false
135 silly fetch manifest @ionic/utils-stream@3.1.7
136 silly packumentCache full:https://registry.npmjs.org/@ionic%2futils-stream cache-miss
137 http fetch GET 200 https://registry.npmjs.org/@ionic%2futils-stream 916ms (cache revalidated)
138 silly packumentCache full:https://registry.npmjs.org/@ionic%2futils-stream set size:89195 disposed:false
139 silly fetch manifest cross-spawn@^7.0.3
140 silly packumentCache full:https://registry.npmjs.org/cross-spawn cache-miss
141 http fetch GET 200 https://registry.npmjs.org/cross-spawn 199ms (cache revalidated)
142 silly packumentCache full:https://registry.npmjs.org/cross-spawn set size:109066 disposed:false
143 silly fetch manifest @types/slice-ansi@^4.0.0
144 silly packumentCache full:https://registry.npmjs.org/@types%2fslice-ansi cache-miss
145 http fetch GET 200 https://registry.npmjs.org/@types%2fslice-ansi 908ms (cache revalidated)
146 silly packumentCache full:https://registry.npmjs.org/@types%2fslice-ansi set size:12386 disposed:false
147 silly fetch manifest signal-exit@^3.0.3
148 silly packumentCache full:https://registry.npmjs.org/signal-exit cache-miss
149 http fetch GET 200 https://registry.npmjs.org/signal-exit 429ms (cache revalidated)
150 silly packumentCache full:https://registry.npmjs.org/signal-exit set size:53489 disposed:false
151 silly fetch manifest slice-ansi@^4.0.0
152 silly packumentCache full:https://registry.npmjs.org/slice-ansi cache-miss
153 http fetch GET 200 https://registry.npmjs.org/slice-ansi 183ms (cache revalidated)
154 silly packumentCache full:https://registry.npmjs.org/slice-ansi set size:36418 disposed:false
155 silly fetch manifest string-width@^4.1.0
156 silly packumentCache full:https://registry.npmjs.org/string-width cache-miss
157 http fetch GET 200 https://registry.npmjs.org/string-width 169ms (cache revalidated)
158 silly packumentCache full:https://registry.npmjs.org/string-width set size:68305 disposed:false
159 silly fetch manifest strip-ansi@^6.0.0
160 silly packumentCache full:https://registry.npmjs.org/strip-ansi cache-miss
161 http fetch GET 200 https://registry.npmjs.org/strip-ansi 518ms (cache revalidated)
162 silly packumentCache full:https://registry.npmjs.org/strip-ansi set size:44998 disposed:false
163 silly fetch manifest untildify@^4.0.0
164 silly packumentCache full:https://registry.npmjs.org/untildify cache-miss
165 http fetch GET 200 https://registry.npmjs.org/untildify 514ms (cache revalidated)
166 silly packumentCache full:https://registry.npmjs.org/untildify set size:22319 disposed:false
167 silly fetch manifest wrap-ansi@^7.0.0
168 silly packumentCache full:https://registry.npmjs.org/wrap-ansi cache-miss
169 http fetch GET 200 https://registry.npmjs.org/wrap-ansi 132ms (cache revalidated)
170 silly packumentCache full:https://registry.npmjs.org/wrap-ansi set size:55299 disposed:false
171 silly fetch manifest ms@^2.1.3
172 silly packumentCache full:https://registry.npmjs.org/ms cache-miss
173 http fetch GET 200 https://registry.npmjs.org/ms 190ms (cache revalidated)
174 silly packumentCache full:https://registry.npmjs.org/ms set size:92208 disposed:false
175 silly fetch manifest graceful-fs@^4.2.0
176 silly packumentCache full:https://registry.npmjs.org/graceful-fs cache-miss
177 http fetch GET 200 https://registry.npmjs.org/graceful-fs 302ms (cache revalidated)
178 silly packumentCache full:https://registry.npmjs.org/graceful-fs set size:124285 disposed:false
179 silly fetch manifest jsonfile@^6.0.1
180 silly packumentCache full:https://registry.npmjs.org/jsonfile cache-miss
181 http fetch GET 200 https://registry.npmjs.org/jsonfile 162ms (cache revalidated)
182 silly packumentCache full:https://registry.npmjs.org/jsonfile set size:51505 disposed:false
183 silly fetch manifest universalify@^2.0.0
184 silly packumentCache full:https://registry.npmjs.org/universalify cache-miss
185 http fetch GET 200 https://registry.npmjs.org/universalify 169ms (cache revalidated)
186 silly packumentCache full:https://registry.npmjs.org/universalify set size:19431 disposed:false
187 silly fetch manifest @ionic/utils-fs@^3.1.7
188 silly packumentCache full:https://registry.npmjs.org/@ionic%2futils-fs cache-hit
189 silly fetch manifest bplist-parser@^0.3.2
190 silly packumentCache full:https://registry.npmjs.org/bplist-parser cache-miss
191 http fetch GET 200 https://registry.npmjs.org/bplist-parser 854ms (cache revalidated)
192 silly packumentCache full:https://registry.npmjs.org/bplist-parser set size:21877 disposed:false
193 silly fetch manifest elementtree@^0.1.7
194 silly packumentCache full:https://registry.npmjs.org/elementtree cache-miss
195 http fetch GET 200 https://registry.npmjs.org/elementtree 598ms (cache revalidated)
196 silly packumentCache full:https://registry.npmjs.org/elementtree set size:18608 disposed:false
197 silly fetch manifest ini@^4.1.1
198 silly packumentCache full:https://registry.npmjs.org/ini cache-miss
199 http fetch GET 200 https://registry.npmjs.org/ini 209ms (cache revalidated)
200 silly packumentCache full:https://registry.npmjs.org/ini set size:56961 disposed:false
201 silly fetch manifest split2@^4.2.0
202 silly packumentCache full:https://registry.npmjs.org/split2 cache-miss
203 http fetch GET 200 https://registry.npmjs.org/split2 487ms (cache revalidated)
204 silly packumentCache full:https://registry.npmjs.org/split2 set size:47438 disposed:false
205 silly fetch manifest through2@^4.0.2
206 silly packumentCache full:https://registry.npmjs.org/through2 cache-miss
207 http fetch GET 200 https://registry.npmjs.org/through2 302ms (cache revalidated)
208 silly packumentCache full:https://registry.npmjs.org/through2 set size:74174 disposed:false
209 silly fetch manifest tslib@^2.6.2
210 silly packumentCache full:https://registry.npmjs.org/tslib cache-hit
211 silly fetch manifest yauzl@^2.10.0
212 silly packumentCache full:https://registry.npmjs.org/yauzl cache-miss
213 http fetch GET 200 https://registry.npmjs.org/yauzl 203ms (cache revalidated)
214 silly packumentCache full:https://registry.npmjs.org/yauzl set size:101008 disposed:false
215 silly fetch manifest is-wsl@^2.2.0
216 silly packumentCache full:https://registry.npmjs.org/is-wsl cache-miss
217 http fetch GET 200 https://registry.npmjs.org/is-wsl 148ms (cache revalidated)
218 silly packumentCache full:https://registry.npmjs.org/is-wsl set size:20683 disposed:false
219 silly fetch manifest is-docker@^2.1.1
220 silly packumentCache full:https://registry.npmjs.org/is-docker cache-miss
221 http fetch GET 200 https://registry.npmjs.org/is-docker 130ms (cache revalidated)
222 silly packumentCache full:https://registry.npmjs.org/is-docker set size:23690 disposed:false
223 silly fetch manifest define-lazy-prop@^2.0.0
224 silly packumentCache full:https://registry.npmjs.org/define-lazy-prop cache-miss
225 http fetch GET 200 https://registry.npmjs.org/define-lazy-prop 316ms (cache revalidated)
226 silly packumentCache full:https://registry.npmjs.org/define-lazy-prop set size:9337 disposed:false
227 silly fetch manifest @xmldom/xmldom@^0.8.8
228 silly packumentCache full:https://registry.npmjs.org/@xmldom%2fxmldom cache-miss
229 http fetch GET 200 https://registry.npmjs.org/@xmldom%2fxmldom 193ms (cache revalidated)
230 silly packumentCache full:https://registry.npmjs.org/@xmldom%2fxmldom set size:160709 disposed:false
231 silly fetch manifest base64-js@^1.5.1
232 silly packumentCache full:https://registry.npmjs.org/base64-js cache-miss
233 http fetch GET 200 https://registry.npmjs.org/base64-js 208ms (cache revalidated)
234 silly packumentCache full:https://registry.npmjs.org/base64-js set size:41270 disposed:false
235 silly fetch manifest xmlbuilder@^15.1.1
236 silly packumentCache full:https://registry.npmjs.org/xmlbuilder cache-miss
237 http fetch GET 200 https://registry.npmjs.org/xmlbuilder 200ms (cache revalidated)
238 silly packumentCache full:https://registry.npmjs.org/xmlbuilder set size:158707 disposed:false
239 silly fetch manifest kleur@^3.0.3
240 silly packumentCache full:https://registry.npmjs.org/kleur cache-hit
241 silly fetch manifest sisteransi@^1.0.5
242 silly packumentCache full:https://registry.npmjs.org/sisteransi cache-miss
243 http fetch GET 200 https://registry.npmjs.org/sisteransi 162ms (cache revalidated)
244 silly packumentCache full:https://registry.npmjs.org/sisteransi set size:23215 disposed:false
245 silly fetch manifest glob@^13.0.3
246 silly packumentCache full:https://registry.npmjs.org/glob cache-miss
247 http fetch GET 200 https://registry.npmjs.org/glob 319ms (cache revalidated)
248 silly packumentCache full:https://registry.npmjs.org/glob set size:469465 disposed:false
249 silly fetch manifest package-json-from-dist@^1.0.1
250 silly packumentCache full:https://registry.npmjs.org/package-json-from-dist cache-miss
251 http fetch GET 200 https://registry.npmjs.org/package-json-from-dist 307ms (cache revalidated)
252 silly packumentCache full:https://registry.npmjs.org/package-json-from-dist set size:8854 disposed:false
253 silly fetch manifest @isaacs/fs-minipass@^4.0.0
254 silly packumentCache full:https://registry.npmjs.org/@isaacs%2ffs-minipass cache-miss
255 http fetch GET 200 https://registry.npmjs.org/@isaacs%2ffs-minipass 197ms (cache revalidated)
256 silly packumentCache full:https://registry.npmjs.org/@isaacs%2ffs-minipass set size:7912 disposed:false
257 silly fetch manifest chownr@^3.0.0
258 silly packumentCache full:https://registry.npmjs.org/chownr cache-miss
259 http fetch GET 200 https://registry.npmjs.org/chownr 197ms (cache revalidated)
260 silly packumentCache full:https://registry.npmjs.org/chownr set size:22157 disposed:false
261 silly fetch manifest minipass@^7.1.2
262 silly packumentCache full:https://registry.npmjs.org/minipass cache-miss
263 http fetch GET 200 https://registry.npmjs.org/minipass 1022ms (cache revalidated)
264 silly packumentCache full:https://registry.npmjs.org/minipass set size:276925 disposed:false
265 silly fetch manifest minizlib@^3.1.0
266 silly packumentCache full:https://registry.npmjs.org/minizlib cache-miss
267 http fetch GET 200 https://registry.npmjs.org/minizlib 616ms (cache revalidated)
268 silly packumentCache full:https://registry.npmjs.org/minizlib set size:62862 disposed:false
269 silly fetch manifest yallist@^5.0.0
270 silly packumentCache full:https://registry.npmjs.org/yallist cache-miss
271 http fetch GET 200 https://registry.npmjs.org/yallist 304ms (cache revalidated)
272 silly packumentCache full:https://registry.npmjs.org/yallist set size:34610 disposed:false
273 silly fetch manifest sax@>=0.6.0
274 silly packumentCache full:https://registry.npmjs.org/sax cache-miss
275 http fetch GET 200 https://registry.npmjs.org/sax 397ms (cache revalidated)
276 silly packumentCache full:https://registry.npmjs.org/sax set size:91199 disposed:false
277 silly fetch manifest xmlbuilder@~11.0.0
278 silly packumentCache full:https://registry.npmjs.org/xmlbuilder cache-hit
279 silly placeDep ROOT @ionic/utils-array@2.1.6 OK for: @ionic/utils-subprocess@3.0.1 want: 2.1.6
280 silly placeDep ROOT @ionic/utils-fs@3.1.7 OK for: @ionic/utils-subprocess@3.0.1 want: 3.1.7
281 silly placeDep ROOT @ionic/utils-process@2.1.12 OK for: @ionic/utils-subprocess@3.0.1 want: 2.1.12
282 silly placeDep ROOT @ionic/utils-stream@3.1.7 OK for: @ionic/utils-subprocess@3.0.1 want: 3.1.7
283 silly placeDep ROOT cross-spawn@7.0.6 OK for: @ionic/utils-subprocess@3.0.1 want: ^7.0.3
284 silly fetch manifest @types/fs-extra@^8.0.0
285 silly packumentCache full:https://registry.npmjs.org/@types%2ffs-extra cache-miss
286 http fetch GET 200 https://registry.npmjs.org/@types%2ffs-extra 578ms (cache revalidated)
287 silly packumentCache full:https://registry.npmjs.org/@types%2ffs-extra set size:159323 disposed:false
288 silly fetch manifest fs-extra@^9.0.0
289 silly packumentCache full:https://registry.npmjs.org/fs-extra cache-hit
290 silly fetch manifest @ionic/utils-object@2.1.6
291 silly packumentCache full:https://registry.npmjs.org/@ionic%2futils-object cache-miss
292 http fetch GET 200 https://registry.npmjs.org/@ionic%2futils-object 1126ms (cache revalidated)
293 silly packumentCache full:https://registry.npmjs.org/@ionic%2futils-object set size:82526 disposed:false
294 silly fetch manifest tree-kill@^1.2.2
295 silly packumentCache full:https://registry.npmjs.org/tree-kill cache-miss
296 http fetch GET 200 https://registry.npmjs.org/tree-kill 195ms (cache revalidated)
297 silly packumentCache full:https://registry.npmjs.org/tree-kill set size:24180 disposed:false
298 silly fetch manifest which@^2.0.1
299 silly packumentCache full:https://registry.npmjs.org/which cache-miss
300 http fetch GET 200 https://registry.npmjs.org/which 172ms (cache revalidated)
301 silly packumentCache full:https://registry.npmjs.org/which set size:67747 disposed:false
302 silly fetch manifest path-key@^3.1.0
303 silly packumentCache full:https://registry.npmjs.org/path-key cache-miss
304 http fetch GET 200 https://registry.npmjs.org/path-key 166ms (cache revalidated)
305 silly packumentCache full:https://registry.npmjs.org/path-key set size:16975 disposed:false
306 silly fetch manifest shebang-command@^2.0.0
307 silly packumentCache full:https://registry.npmjs.org/shebang-command cache-miss
308 http fetch GET 200 https://registry.npmjs.org/shebang-command 162ms (cache revalidated)
309 silly packumentCache full:https://registry.npmjs.org/shebang-command set size:8525 disposed:false
310 silly placeDep ROOT @types/fs-extra@8.1.5 OK for: @ionic/utils-fs@3.1.7 want: ^8.0.0
311 silly placeDep node_modules/@ionic/utils-fs fs-extra@9.1.0 OK for: @ionic/utils-fs@3.1.7 want: ^9.0.0
312 silly fetch manifest @types/node@*
313 silly packumentCache full:https://registry.npmjs.org/@types%2fnode cache-miss
314 http fetch GET 200 https://registry.npmjs.org/@types%2fnode 534ms (cache revalidated)
315 silly packumentCache full:https://registry.npmjs.org/@types%2fnode set size:10972342 disposed:false
316 silly fetch manifest at-least-node@^1.0.0
317 silly packumentCache full:https://registry.npmjs.org/at-least-node cache-miss
318 http fetch GET 200 https://registry.npmjs.org/at-least-node 569ms (cache revalidated)
319 silly packumentCache full:https://registry.npmjs.org/at-least-node set size:4075 disposed:false
320 silly placeDep ROOT @ionic/utils-object@2.1.6 OK for: @ionic/utils-process@2.1.12 want: 2.1.6
321 silly placeDep ROOT signal-exit@3.0.7 OK for: @ionic/utils-process@2.1.12 want: ^3.0.3
322 silly placeDep ROOT tree-kill@1.2.2 OK for: @ionic/utils-process@2.1.12 want: ^1.2.2
323 silly placeDep ROOT @types/slice-ansi@4.0.0 OK for: @ionic/utils-terminal@2.3.5 want: ^4.0.0
324 silly placeDep ROOT slice-ansi@4.0.0 OK for: @ionic/utils-terminal@2.3.5 want: ^4.0.0
325 silly placeDep ROOT string-width@4.2.3 OK for: @ionic/utils-terminal@2.3.5 want: ^4.1.0
326 silly placeDep ROOT strip-ansi@6.0.1 OK for: @ionic/utils-terminal@2.3.5 want: ^6.0.0
327 silly placeDep ROOT untildify@4.0.0 OK for: @ionic/utils-terminal@2.3.5 want: ^4.0.0
328 silly placeDep ROOT wrap-ansi@7.0.0 OK for: @ionic/utils-terminal@2.3.5 want: ^7.0.0
329 silly fetch manifest ansi-styles@^4.0.0
330 silly packumentCache full:https://registry.npmjs.org/ansi-styles cache-miss
331 http fetch GET 200 https://registry.npmjs.org/ansi-styles 188ms (cache revalidated)
332 silly packumentCache full:https://registry.npmjs.org/ansi-styles set size:63233 disposed:false
333 silly fetch manifest astral-regex@^2.0.0
334 silly packumentCache full:https://registry.npmjs.org/astral-regex cache-miss
335 http fetch GET 200 https://registry.npmjs.org/astral-regex 202ms (cache revalidated)
336 silly packumentCache full:https://registry.npmjs.org/astral-regex set size:5602 disposed:false
337 silly fetch manifest is-fullwidth-code-point@^3.0.0
338 silly packumentCache full:https://registry.npmjs.org/is-fullwidth-code-point cache-miss
339 http fetch GET 200 https://registry.npmjs.org/is-fullwidth-code-point 137ms (cache revalidated)
340 silly packumentCache full:https://registry.npmjs.org/is-fullwidth-code-point set size:14578 disposed:false
341 silly fetch manifest strip-ansi@^6.0.1
342 silly packumentCache full:https://registry.npmjs.org/strip-ansi cache-hit
343 silly fetch manifest emoji-regex@^8.0.0
344 silly packumentCache full:https://registry.npmjs.org/emoji-regex cache-miss
345 http fetch GET 200 https://registry.npmjs.org/emoji-regex 467ms (cache revalidated)
346 silly packumentCache full:https://registry.npmjs.org/emoji-regex set size:89088 disposed:false
347 silly fetch manifest ansi-regex@^5.0.1
348 silly packumentCache full:https://registry.npmjs.org/ansi-regex cache-miss
349 http fetch GET 200 https://registry.npmjs.org/ansi-regex 193ms (cache revalidated)
350 silly packumentCache full:https://registry.npmjs.org/ansi-regex set size:43572 disposed:false
351 silly placeDep ROOT @types/node@25.6.0 OK for: @types/fs-extra@8.1.5 want: *
352 silly fetch manifest undici-types@~7.19.0
353 silly packumentCache full:https://registry.npmjs.org/undici-types cache-miss
354 http fetch GET 200 https://registry.npmjs.org/undici-types 198ms (cache revalidated)
355 silly packumentCache full:https://registry.npmjs.org/undici-types set size:200280 disposed:false
356 silly placeDep ROOT undici-types@7.19.2 OK for: @types/node@25.6.0 want: ~7.19.0
357 silly placeDep ROOT path-key@3.1.1 OK for: cross-spawn@7.0.6 want: ^3.1.0
358 silly placeDep ROOT shebang-command@2.0.0 OK for: cross-spawn@7.0.6 want: ^2.0.0
359 silly placeDep ROOT which@2.0.2 OK for: cross-spawn@7.0.6 want: ^2.0.1
360 silly fetch manifest shebang-regex@^3.0.0
361 silly packumentCache full:https://registry.npmjs.org/shebang-regex cache-miss
362 http fetch GET 200 https://registry.npmjs.org/shebang-regex 185ms (cache revalidated)
363 silly packumentCache full:https://registry.npmjs.org/shebang-regex set size:9763 disposed:false
364 silly fetch manifest isexe@^2.0.0
365 silly packumentCache full:https://registry.npmjs.org/isexe cache-miss
366 http fetch GET 200 https://registry.npmjs.org/isexe 140ms (cache revalidated)
367 silly packumentCache full:https://registry.npmjs.org/isexe set size:31756 disposed:false
368 silly placeDep ROOT ms@2.1.3 OK for: debug@4.4.3 want: ^2.1.3
369 silly placeDep ROOT graceful-fs@4.2.11 OK for: fs-extra@11.3.4 want: ^4.2.0
370 silly placeDep ROOT jsonfile@6.2.0 OK for: fs-extra@11.3.4 want: ^6.0.1
371 silly placeDep ROOT universalify@2.0.1 OK for: fs-extra@11.3.4 want: ^2.0.0
372 silly placeDep ROOT bplist-parser@0.3.2 OK for: native-run@2.0.3 want: ^0.3.2
373 silly placeDep ROOT elementtree@0.1.7 OK for: native-run@2.0.3 want: ^0.1.7
374 silly placeDep ROOT ini@4.1.3 OK for: native-run@2.0.3 want: ^4.1.1
375 silly placeDep ROOT split2@4.2.0 OK for: native-run@2.0.3 want: ^4.2.0
376 silly placeDep ROOT through2@4.0.2 OK for: native-run@2.0.3 want: ^4.0.2
377 silly placeDep ROOT yauzl@2.10.0 OK for: native-run@2.0.3 want: ^2.10.0
378 silly fetch manifest big-integer@1.6.x
379 silly packumentCache full:https://registry.npmjs.org/big-integer cache-miss
380 http fetch GET 200 https://registry.npmjs.org/big-integer 214ms (cache revalidated)
381 silly packumentCache full:https://registry.npmjs.org/big-integer set size:205433 disposed:false
382 silly fetch manifest sax@1.1.4
383 silly packumentCache full:https://registry.npmjs.org/sax cache-hit
384 silly fetch manifest readable-stream@3
385 silly packumentCache full:https://registry.npmjs.org/readable-stream cache-miss
386 http fetch GET 200 https://registry.npmjs.org/readable-stream 168ms (cache revalidated)
387 silly packumentCache full:https://registry.npmjs.org/readable-stream set size:261096 disposed:false
388 silly fetch manifest fd-slicer@~1.1.0
389 silly packumentCache full:https://registry.npmjs.org/fd-slicer cache-miss
390 http fetch GET 200 https://registry.npmjs.org/fd-slicer 548ms (cache revalidated)
391 silly packumentCache full:https://registry.npmjs.org/fd-slicer set size:25525 disposed:false
392 silly fetch manifest buffer-crc32@~0.2.3
393 silly packumentCache full:https://registry.npmjs.org/buffer-crc32 cache-miss
394 http fetch GET 200 https://registry.npmjs.org/buffer-crc32 159ms (cache revalidated)
395 silly packumentCache full:https://registry.npmjs.org/buffer-crc32 set size:58100 disposed:false
396 silly placeDep ROOT big-integer@1.6.52 OK for: bplist-parser@0.3.2 want: 1.6.x
397 silly placeDep ROOT sax@1.1.4 OK for: elementtree@0.1.7 want: 1.1.4
398 silly placeDep ROOT define-lazy-prop@2.0.0 OK for: open@8.4.2 want: ^2.0.0
399 silly placeDep ROOT is-docker@2.2.1 OK for: open@8.4.2 want: ^2.1.1
400 silly placeDep ROOT is-wsl@2.2.0 OK for: open@8.4.2 want: ^2.2.0
401 silly placeDep ROOT @xmldom/xmldom@0.8.12 OK for: plist@3.1.0 want: ^0.8.8
402 silly placeDep ROOT base64-js@1.5.1 OK for: plist@3.1.0 want: ^1.5.1
403 silly placeDep ROOT xmlbuilder@15.1.1 OK for: plist@3.1.0 want: ^15.1.1
404 silly placeDep node_modules/prompts kleur@3.0.3 OK for: prompts@2.4.2 want: ^3.0.3
405 silly placeDep ROOT sisteransi@1.0.5 OK for: prompts@2.4.2 want: ^1.0.5
406 silly placeDep ROOT glob@13.0.6 OK for: rimraf@6.1.3 want: ^13.0.3
407 silly placeDep ROOT package-json-from-dist@1.0.1 OK for: rimraf@6.1.3 want: ^1.0.1
408 silly fetch manifest minimatch@^10.2.2
409 silly packumentCache full:https://registry.npmjs.org/minimatch cache-miss
410 http fetch GET 200 https://registry.npmjs.org/minimatch 191ms (cache revalidated)
411 silly packumentCache full:https://registry.npmjs.org/minimatch set size:375282 disposed:false
412 silly fetch manifest minipass@^7.1.3
413 silly packumentCache full:https://registry.npmjs.org/minipass cache-hit
414 silly fetch manifest path-scurry@^2.0.2
415 silly packumentCache full:https://registry.npmjs.org/path-scurry cache-miss
416 http fetch GET 200 https://registry.npmjs.org/path-scurry 294ms (cache revalidated)
417 silly packumentCache full:https://registry.npmjs.org/path-scurry set size:117612 disposed:false
418 silly placeDep ROOT minimatch@10.2.5 OK for: glob@13.0.6 want: ^10.2.2
419 silly placeDep ROOT minipass@7.1.3 OK for: glob@13.0.6 want: ^7.1.3
420 silly placeDep ROOT path-scurry@2.0.2 OK for: glob@13.0.6 want: ^2.0.2
421 silly fetch manifest brace-expansion@^5.0.5
422 silly packumentCache full:https://registry.npmjs.org/brace-expansion cache-miss
423 http fetch GET 200 https://registry.npmjs.org/brace-expansion 145ms (cache revalidated)
424 silly packumentCache full:https://registry.npmjs.org/brace-expansion set size:65768 disposed:false
425 silly fetch manifest lru-cache@^11.0.0
426 silly packumentCache full:https://registry.npmjs.org/lru-cache cache-miss
427 http fetch GET 200 https://registry.npmjs.org/lru-cache 138ms (cache revalidated)
428 silly packumentCache full:https://registry.npmjs.org/lru-cache set size:432407 disposed:false
429 silly placeDep ROOT brace-expansion@5.0.5 OK for: minimatch@10.2.5 want: ^5.0.5
430 silly fetch manifest balanced-match@^4.0.2
431 silly packumentCache full:https://registry.npmjs.org/balanced-match cache-miss
432 http fetch GET 200 https://registry.npmjs.org/balanced-match 261ms (cache revalidated)
433 silly packumentCache full:https://registry.npmjs.org/balanced-match set size:39082 disposed:false
434 silly placeDep ROOT balanced-match@4.0.4 OK for: brace-expansion@5.0.5 want: ^4.0.2
435 silly placeDep ROOT lru-cache@11.3.3 OK for: path-scurry@2.0.2 want: ^11.0.0
436 silly placeDep ROOT shebang-regex@3.0.0 OK for: shebang-command@2.0.0 want: ^3.0.0
437 silly placeDep ROOT ansi-styles@4.3.0 OK for: slice-ansi@4.0.0 want: ^4.0.0
438 silly placeDep ROOT astral-regex@2.0.0 OK for: slice-ansi@4.0.0 want: ^2.0.0
439 silly placeDep ROOT is-fullwidth-code-point@3.0.0 OK for: slice-ansi@4.0.0 want: ^3.0.0
440 silly fetch manifest color-convert@^2.0.1
441 silly packumentCache full:https://registry.npmjs.org/color-convert cache-miss
442 http fetch GET 200 https://registry.npmjs.org/color-convert 182ms (cache revalidated)
443 silly packumentCache full:https://registry.npmjs.org/color-convert set size:72663 disposed:false
444 silly placeDep ROOT color-convert@2.0.1 OK for: ansi-styles@4.3.0 want: ^2.0.1
445 silly fetch manifest color-name@~1.1.4
446 silly packumentCache full:https://registry.npmjs.org/color-name cache-miss
447 http fetch GET 200 https://registry.npmjs.org/color-name 188ms (cache revalidated)
448 silly packumentCache full:https://registry.npmjs.org/color-name set size:19467 disposed:false
449 silly placeDep ROOT color-name@1.1.4 OK for: color-convert@2.0.1 want: ~1.1.4
450 silly placeDep ROOT emoji-regex@8.0.0 OK for: string-width@4.2.3 want: ^8.0.0
451 silly placeDep ROOT ansi-regex@5.0.1 OK for: strip-ansi@6.0.1 want: ^5.0.1
452 silly placeDep ROOT @isaacs/fs-minipass@4.0.1 OK for: tar@7.5.13 want: ^4.0.0
453 silly placeDep ROOT chownr@3.0.0 OK for: tar@7.5.13 want: ^3.0.0
454 silly placeDep ROOT minizlib@3.1.0 OK for: tar@7.5.13 want: ^3.1.0
455 silly placeDep ROOT yallist@5.0.0 OK for: tar@7.5.13 want: ^5.0.0
456 silly placeDep ROOT readable-stream@3.6.2 OK for: through2@4.0.2 want: 3
457 silly fetch manifest inherits@^2.0.3
458 silly packumentCache full:https://registry.npmjs.org/inherits cache-miss
459 http fetch GET 200 https://registry.npmjs.org/inherits 257ms (cache revalidated)
460 silly packumentCache full:https://registry.npmjs.org/inherits set size:12925 disposed:false
461 silly fetch manifest string_decoder@^1.1.1
462 silly packumentCache full:https://registry.npmjs.org/string_decoder cache-miss
463 http fetch GET 200 https://registry.npmjs.org/string_decoder 203ms (cache revalidated)
464 silly packumentCache full:https://registry.npmjs.org/string_decoder set size:28441 disposed:false
465 silly fetch manifest util-deprecate@^1.0.1
466 silly packumentCache full:https://registry.npmjs.org/util-deprecate cache-miss
467 http fetch GET 200 https://registry.npmjs.org/util-deprecate 150ms (cache revalidated)
468 silly packumentCache full:https://registry.npmjs.org/util-deprecate set size:6674 disposed:false
469 silly placeDep ROOT inherits@2.0.4 OK for: readable-stream@3.6.2 want: ^2.0.3
470 silly placeDep ROOT string_decoder@1.3.0 OK for: readable-stream@3.6.2 want: ^1.1.1
471 silly placeDep ROOT util-deprecate@1.0.2 OK for: readable-stream@3.6.2 want: ^1.0.1
472 silly fetch manifest safe-buffer@~5.2.0
473 silly packumentCache full:https://registry.npmjs.org/safe-buffer cache-miss
474 http fetch GET 200 https://registry.npmjs.org/safe-buffer 240ms (cache revalidated)
475 silly packumentCache full:https://registry.npmjs.org/safe-buffer set size:41183 disposed:false
476 silly placeDep ROOT safe-buffer@5.2.1 OK for: string_decoder@1.3.0 want: ~5.2.0
477 silly placeDep ROOT isexe@2.0.0 OK for: which@2.0.2 want: ^2.0.0
478 silly placeDep node_modules/xml2js xmlbuilder@11.0.1 OK for: xml2js@0.6.2 want: ~11.0.0
479 silly placeDep ROOT buffer-crc32@0.2.13 OK for: yauzl@2.10.0 want: ~0.2.3
480 silly placeDep ROOT fd-slicer@1.1.0 OK for: yauzl@2.10.0 want: ~1.1.0
481 silly fetch manifest pend@~1.2.0
482 silly packumentCache full:https://registry.npmjs.org/pend cache-miss
483 http fetch GET 200 https://registry.npmjs.org/pend 145ms (cache revalidated)
484 silly packumentCache full:https://registry.npmjs.org/pend set size:8066 disposed:false
485 silly placeDep ROOT pend@1.2.0 OK for: fd-slicer@1.1.0 want: ~1.2.0
486 silly placeDep ROOT at-least-node@1.0.0 OK for: fs-extra@9.1.0 want: ^1.0.0
487 silly reify moves {}
488 silly audit bulk request {
488 silly audit   '@capacitor/android': [ '8.3.0' ],
488 silly audit   '@capacitor/cli': [ '8.3.0' ],
488 silly audit   '@capacitor/core': [ '8.3.0' ],
488 silly audit   '@ionic/cli-framework-output': [ '2.2.8' ],
488 silly audit   '@ionic/utils-subprocess': [ '3.0.1' ],
488 silly audit   '@ionic/utils-terminal': [ '2.3.5' ],
488 silly audit   commander: [ '12.1.0' ],
488 silly audit   debug: [ '4.4.3' ],
488 silly audit   'env-paths': [ '2.2.1' ],
488 silly audit   'fs-extra': [ '11.3.4', '9.1.0' ],
488 silly audit   kleur: [ '4.1.5', '3.0.3' ],
488 silly audit   'native-run': [ '2.0.3' ],
488 silly audit   open: [ '8.4.2' ],
488 silly audit   plist: [ '3.1.0' ],
488 silly audit   prompts: [ '2.4.2' ],
488 silly audit   rimraf: [ '6.1.3' ],
488 silly audit   semver: [ '7.7.4' ],
488 silly audit   tar: [ '7.5.13' ],
488 silly audit   tslib: [ '2.8.1' ],
488 silly audit   xml2js: [ '0.6.2' ],
488 silly audit   '@ionic/utils-array': [ '2.1.6' ],
488 silly audit   '@ionic/utils-fs': [ '3.1.7' ],
488 silly audit   '@ionic/utils-process': [ '2.1.12' ],
488 silly audit   '@ionic/utils-stream': [ '3.1.7' ],
488 silly audit   'cross-spawn': [ '7.0.6' ],
488 silly audit   '@types/fs-extra': [ '8.1.5' ],
488 silly audit   '@ionic/utils-object': [ '2.1.6' ],
488 silly audit   'signal-exit': [ '3.0.7' ],
488 silly audit   'tree-kill': [ '1.2.2' ],
488 silly audit   '@types/slice-ansi': [ '4.0.0' ],
488 silly audit   'slice-ansi': [ '4.0.0' ],
488 silly audit   'string-width': [ '4.2.3' ],
488 silly audit   'strip-ansi': [ '6.0.1' ],
488 silly audit   untildify: [ '4.0.0' ],
488 silly audit   'wrap-ansi': [ '7.0.0' ],
488 silly audit   '@types/node': [ '25.6.0' ],
488 silly audit   'undici-types': [ '7.19.2' ],
488 silly audit   'path-key': [ '3.1.1' ],
488 silly audit   'shebang-command': [ '2.0.0' ],
488 silly audit   which: [ '2.0.2' ],
488 silly audit   ms: [ '2.1.3' ],
488 silly audit   'graceful-fs': [ '4.2.11' ],
488 silly audit   jsonfile: [ '6.2.0' ],
488 silly audit   universalify: [ '2.0.1' ],
488 silly audit   'bplist-parser': [ '0.3.2' ],
488 silly audit   elementtree: [ '0.1.7' ],
488 silly audit   ini: [ '4.1.3' ],
488 silly audit   split2: [ '4.2.0' ],
488 silly audit   through2: [ '4.0.2' ],
488 silly audit   yauzl: [ '2.10.0' ],
488 silly audit   'big-integer': [ '1.6.52' ],
488 silly audit   sax: [ '1.1.4' ],
488 silly audit   'define-lazy-prop': [ '2.0.0' ],
488 silly audit   'is-docker': [ '2.2.1' ],
488 silly audit   'is-wsl': [ '2.2.0' ],
488 silly audit   '@xmldom/xmldom': [ '0.8.12' ],
488 silly audit   'base64-js': [ '1.5.1' ],
488 silly audit   xmlbuilder: [ '15.1.1', '11.0.1' ],
488 silly audit   sisteransi: [ '1.0.5' ],
488 silly audit   glob: [ '13.0.6' ],
488 silly audit   'package-json-from-dist': [ '1.0.1' ],
488 silly audit   minimatch: [ '10.2.5' ],
488 silly audit   minipass: [ '7.1.3' ],
488 silly audit   'path-scurry': [ '2.0.2' ],
488 silly audit   'brace-expansion': [ '5.0.5' ],
488 silly audit   'balanced-match': [ '4.0.4' ],
488 silly audit   'lru-cache': [ '11.3.3' ],
488 silly audit   'shebang-regex': [ '3.0.0' ],
488 silly audit   'ansi-styles': [ '4.3.0' ],
488 silly audit   'astral-regex': [ '2.0.0' ],
488 silly audit   'is-fullwidth-code-point': [ '3.0.0' ],
488 silly audit   'color-convert': [ '2.0.1' ],
488 silly audit   'color-name': [ '1.1.4' ],
488 silly audit   'emoji-regex': [ '8.0.0' ],
488 silly audit   'ansi-regex': [ '5.0.1' ],
488 silly audit   '@isaacs/fs-minipass': [ '4.0.1' ],
488 silly audit   chownr: [ '3.0.0' ],
488 silly audit   minizlib: [ '3.1.0' ],
488 silly audit   yallist: [ '5.0.0' ],
488 silly audit   'readable-stream': [ '3.6.2' ],
488 silly audit   inherits: [ '2.0.4' ],
488 silly audit   string_decoder: [ '1.3.0' ],
488 silly audit   'util-deprecate': [ '1.0.2' ],
488 silly audit   'safe-buffer': [ '5.2.1' ],
488 silly audit   isexe: [ '2.0.0' ],
488 silly audit   'buffer-crc32': [ '0.2.13' ],
488 silly audit   'fd-slicer': [ '1.1.0' ],
488 silly audit   pend: [ '1.2.0' ],
488 silly audit   'at-least-node': [ '1.0.0' ]
488 silly audit }
489 http cache at-least-node@https://registry.npmjs.org/at-least-node/-/at-least-node-1.0.0.tgz 0ms (cache hit)
490 http cache pend@https://registry.npmjs.org/pend/-/pend-1.2.0.tgz 0ms (cache hit)
491 http cache buffer-crc32@https://registry.npmjs.org/buffer-crc32/-/buffer-crc32-0.2.13.tgz 0ms (cache hit)
492 http cache fd-slicer@https://registry.npmjs.org/fd-slicer/-/fd-slicer-1.1.0.tgz 0ms (cache hit)
493 http cache isexe@https://registry.npmjs.org/isexe/-/isexe-2.0.0.tgz 0ms (cache hit)
494 http cache safe-buffer@https://registry.npmjs.org/safe-buffer/-/safe-buffer-5.2.1.tgz 0ms (cache hit)
495 http cache string_decoder@https://registry.npmjs.org/string_decoder/-/string_decoder-1.3.0.tgz 0ms (cache hit)
496 http cache inherits@https://registry.npmjs.org/inherits/-/inherits-2.0.4.tgz 0ms (cache hit)
497 http cache util-deprecate@https://registry.npmjs.org/util-deprecate/-/util-deprecate-1.0.2.tgz 0ms (cache hit)
498 http cache readable-stream@https://registry.npmjs.org/readable-stream/-/readable-stream-3.6.2.tgz 0ms (cache hit)
499 http cache yallist@https://registry.npmjs.org/yallist/-/yallist-5.0.0.tgz 0ms (cache hit)
500 http cache minizlib@https://registry.npmjs.org/minizlib/-/minizlib-3.1.0.tgz 0ms (cache hit)
501 http cache chownr@https://registry.npmjs.org/chownr/-/chownr-3.0.0.tgz 0ms (cache hit)
502 http cache ansi-regex@https://registry.npmjs.org/ansi-regex/-/ansi-regex-5.0.1.tgz 0ms (cache hit)
503 http cache @isaacs/fs-minipass@https://registry.npmjs.org/@isaacs/fs-minipass/-/fs-minipass-4.0.1.tgz 0ms (cache hit)
504 http cache emoji-regex@https://registry.npmjs.org/emoji-regex/-/emoji-regex-8.0.0.tgz 0ms (cache hit)
505 http cache color-name@https://registry.npmjs.org/color-name/-/color-name-1.1.4.tgz 0ms (cache hit)
506 http cache color-convert@https://registry.npmjs.org/color-convert/-/color-convert-2.0.1.tgz 0ms (cache hit)
507 http cache is-fullwidth-code-point@https://registry.npmjs.org/is-fullwidth-code-point/-/is-fullwidth-code-point-3.0.0.tgz 0ms (cache hit)
508 http cache astral-regex@https://registry.npmjs.org/astral-regex/-/astral-regex-2.0.0.tgz 0ms (cache hit)
509 http cache ansi-styles@https://registry.npmjs.org/ansi-styles/-/ansi-styles-4.3.0.tgz 0ms (cache hit)
510 http cache lru-cache@https://registry.npmjs.org/lru-cache/-/lru-cache-11.3.3.tgz 0ms (cache hit)
511 http cache shebang-regex@https://registry.npmjs.org/shebang-regex/-/shebang-regex-3.0.0.tgz 0ms (cache hit)
512 http cache balanced-match@https://registry.npmjs.org/balanced-match/-/balanced-match-4.0.4.tgz 0ms (cache hit)
513 http cache brace-expansion@https://registry.npmjs.org/brace-expansion/-/brace-expansion-5.0.5.tgz 0ms (cache hit)
514 http cache path-scurry@https://registry.npmjs.org/path-scurry/-/path-scurry-2.0.2.tgz 0ms (cache hit)
515 http cache minipass@https://registry.npmjs.org/minipass/-/minipass-7.1.3.tgz 0ms (cache hit)
516 http cache minimatch@https://registry.npmjs.org/minimatch/-/minimatch-10.2.5.tgz 0ms (cache hit)
517 http cache package-json-from-dist@https://registry.npmjs.org/package-json-from-dist/-/package-json-from-dist-1.0.1.tgz 0ms (cache hit)
518 http cache glob@https://registry.npmjs.org/glob/-/glob-13.0.6.tgz 0ms (cache hit)
519 http cache sisteransi@https://registry.npmjs.org/sisteransi/-/sisteransi-1.0.5.tgz 0ms (cache hit)
520 http cache xmlbuilder@https://registry.npmjs.org/xmlbuilder/-/xmlbuilder-15.1.1.tgz 0ms (cache hit)
521 http cache base64-js@https://registry.npmjs.org/base64-js/-/base64-js-1.5.1.tgz 0ms (cache hit)
522 http cache @xmldom/xmldom@https://registry.npmjs.org/@xmldom/xmldom/-/xmldom-0.8.12.tgz 0ms (cache hit)
523 http cache is-wsl@https://registry.npmjs.org/is-wsl/-/is-wsl-2.2.0.tgz 0ms (cache hit)
524 http cache is-docker@https://registry.npmjs.org/is-docker/-/is-docker-2.2.1.tgz 0ms (cache hit)
525 http cache define-lazy-prop@https://registry.npmjs.org/define-lazy-prop/-/define-lazy-prop-2.0.0.tgz 0ms (cache hit)
526 http cache sax@https://registry.npmjs.org/sax/-/sax-1.1.4.tgz 0ms (cache hit)
527 http cache big-integer@https://registry.npmjs.org/big-integer/-/big-integer-1.6.52.tgz 0ms (cache hit)
528 http cache yauzl@https://registry.npmjs.org/yauzl/-/yauzl-2.10.0.tgz 0ms (cache hit)
529 http cache through2@https://registry.npmjs.org/through2/-/through2-4.0.2.tgz 1ms (cache hit)
530 http cache split2@https://registry.npmjs.org/split2/-/split2-4.2.0.tgz 0ms (cache hit)
531 http cache ini@https://registry.npmjs.org/ini/-/ini-4.1.3.tgz 0ms (cache hit)
532 http cache elementtree@https://registry.npmjs.org/elementtree/-/elementtree-0.1.7.tgz 0ms (cache hit)
533 http cache bplist-parser@https://registry.npmjs.org/bplist-parser/-/bplist-parser-0.3.2.tgz 0ms (cache hit)
534 http cache universalify@https://registry.npmjs.org/universalify/-/universalify-2.0.1.tgz 0ms (cache hit)
535 http cache jsonfile@https://registry.npmjs.org/jsonfile/-/jsonfile-6.2.0.tgz 0ms (cache hit)
536 http cache graceful-fs@https://registry.npmjs.org/graceful-fs/-/graceful-fs-4.2.11.tgz 0ms (cache hit)
537 http cache ms@https://registry.npmjs.org/ms/-/ms-2.1.3.tgz 0ms (cache hit)
538 http cache which@https://registry.npmjs.org/which/-/which-2.0.2.tgz 1ms (cache hit)
539 http cache shebang-command@https://registry.npmjs.org/shebang-command/-/shebang-command-2.0.0.tgz 0ms (cache hit)
540 http cache path-key@https://registry.npmjs.org/path-key/-/path-key-3.1.1.tgz 0ms (cache hit)
541 http cache undici-types@https://registry.npmjs.org/undici-types/-/undici-types-7.19.2.tgz 0ms (cache hit)
542 http cache @types/node@https://registry.npmjs.org/@types/node/-/node-25.6.0.tgz 0ms (cache hit)
543 http cache wrap-ansi@https://registry.npmjs.org/wrap-ansi/-/wrap-ansi-7.0.0.tgz 0ms (cache hit)
544 http cache untildify@https://registry.npmjs.org/untildify/-/untildify-4.0.0.tgz 0ms (cache hit)
545 http cache strip-ansi@https://registry.npmjs.org/strip-ansi/-/strip-ansi-6.0.1.tgz 0ms (cache hit)
546 http cache string-width@https://registry.npmjs.org/string-width/-/string-width-4.2.3.tgz 0ms (cache hit)
547 http cache slice-ansi@https://registry.npmjs.org/slice-ansi/-/slice-ansi-4.0.0.tgz 0ms (cache hit)
548 http cache @types/slice-ansi@https://registry.npmjs.org/@types/slice-ansi/-/slice-ansi-4.0.0.tgz 0ms (cache hit)
549 http cache tree-kill@https://registry.npmjs.org/tree-kill/-/tree-kill-1.2.2.tgz 0ms (cache hit)
550 http cache signal-exit@https://registry.npmjs.org/signal-exit/-/signal-exit-3.0.7.tgz 0ms (cache hit)
551 http cache @ionic/utils-object@https://registry.npmjs.org/@ionic/utils-object/-/utils-object-2.1.6.tgz 0ms (cache hit)
552 http cache @types/fs-extra@https://registry.npmjs.org/@types/fs-extra/-/fs-extra-8.1.5.tgz 1ms (cache hit)
553 http cache cross-spawn@https://registry.npmjs.org/cross-spawn/-/cross-spawn-7.0.6.tgz 0ms (cache hit)
554 http cache @ionic/utils-stream@https://registry.npmjs.org/@ionic/utils-stream/-/utils-stream-3.1.7.tgz 0ms (cache hit)
555 http cache @ionic/utils-process@https://registry.npmjs.org/@ionic/utils-process/-/utils-process-2.1.12.tgz 0ms (cache hit)
556 http cache @ionic/utils-fs@https://registry.npmjs.org/@ionic/utils-fs/-/utils-fs-3.1.7.tgz 0ms (cache hit)
557 http cache @ionic/utils-array@https://registry.npmjs.org/@ionic/utils-array/-/utils-array-2.1.6.tgz 0ms (cache hit)
558 http cache xml2js@https://registry.npmjs.org/xml2js/-/xml2js-0.6.2.tgz 0ms (cache hit)
559 http cache tslib@https://registry.npmjs.org/tslib/-/tslib-2.8.1.tgz 0ms (cache hit)
560 http cache tar@https://registry.npmjs.org/tar/-/tar-7.5.13.tgz 0ms (cache hit)
561 http cache semver@https://registry.npmjs.org/semver/-/semver-7.7.4.tgz 0ms (cache hit)
562 http cache rimraf@https://registry.npmjs.org/rimraf/-/rimraf-6.1.3.tgz 0ms (cache hit)
563 http cache prompts@https://registry.npmjs.org/prompts/-/prompts-2.4.2.tgz 0ms (cache hit)
564 http cache plist@https://registry.npmjs.org/plist/-/plist-3.1.0.tgz 0ms (cache hit)
565 http cache open@https://registry.npmjs.org/open/-/open-8.4.2.tgz 0ms (cache hit)
566 http cache native-run@https://registry.npmjs.org/native-run/-/native-run-2.0.3.tgz 0ms (cache hit)
567 http cache kleur@https://registry.npmjs.org/kleur/-/kleur-4.1.5.tgz 0ms (cache hit)
568 http cache fs-extra@https://registry.npmjs.org/fs-extra/-/fs-extra-11.3.4.tgz 0ms (cache hit)
569 http cache env-paths@https://registry.npmjs.org/env-paths/-/env-paths-2.2.1.tgz 1ms (cache hit)
570 http cache debug@https://registry.npmjs.org/debug/-/debug-4.4.3.tgz 0ms (cache hit)
571 http cache commander@https://registry.npmjs.org/commander/-/commander-12.1.0.tgz 0ms (cache hit)
572 http cache @ionic/utils-terminal@https://registry.npmjs.org/@ionic/utils-terminal/-/utils-terminal-2.3.5.tgz 0ms (cache hit)
573 http cache @ionic/utils-subprocess@https://registry.npmjs.org/@ionic/utils-subprocess/-/utils-subprocess-3.0.1.tgz 0ms (cache hit)
574 http cache @ionic/cli-framework-output@https://registry.npmjs.org/@ionic/cli-framework-output/-/cli-framework-output-2.2.8.tgz 0ms (cache hit)
575 http cache @capacitor/core@https://registry.npmjs.org/@capacitor/core/-/core-8.3.0.tgz 0ms (cache hit)
576 http cache @capacitor/cli@https://registry.npmjs.org/@capacitor/cli/-/cli-8.3.0.tgz 0ms (cache hit)
577 http cache @capacitor/android@https://registry.npmjs.org/@capacitor/android/-/android-8.3.0.tgz 0ms (cache hit)
578 http cache fs-extra@https://registry.npmjs.org/fs-extra/-/fs-extra-9.1.0.tgz 0ms (cache hit)
579 http cache xmlbuilder@https://registry.npmjs.org/xmlbuilder/-/xmlbuilder-11.0.1.tgz 0ms (cache hit)
580 http cache kleur@https://registry.npmjs.org/kleur/-/kleur-3.0.3.tgz 0ms (cache hit)
581 http fetch POST 200 https://registry.npmjs.org/-/npm/v1/security/advisories/bulk 933ms
582 silly audit report {}
583 silly ADD node_modules/at-least-node
584 silly ADD node_modules/pend
585 silly ADD node_modules/fd-slicer
586 silly ADD node_modules/buffer-crc32
587 silly ADD node_modules/isexe
588 silly ADD node_modules/safe-buffer
589 silly ADD node_modules/util-deprecate
590 silly ADD node_modules/string_decoder
591 silly ADD node_modules/inherits
592 silly ADD node_modules/readable-stream
593 silly ADD node_modules/yallist
594 silly ADD node_modules/minizlib
595 silly ADD node_modules/chownr
596 silly ADD node_modules/@isaacs/fs-minipass
597 silly ADD node_modules/ansi-regex
598 silly ADD node_modules/emoji-regex
599 silly ADD node_modules/color-name
600 silly ADD node_modules/color-convert
601 silly ADD node_modules/is-fullwidth-code-point
602 silly ADD node_modules/astral-regex
603 silly ADD node_modules/ansi-styles
604 silly ADD node_modules/shebang-regex
605 silly ADD node_modules/lru-cache
606 silly ADD node_modules/balanced-match
607 silly ADD node_modules/brace-expansion
608 silly ADD node_modules/path-scurry
609 silly ADD node_modules/minipass
610 silly ADD node_modules/minimatch
611 silly ADD node_modules/package-json-from-dist
612 silly ADD node_modules/glob
613 silly ADD node_modules/sisteransi
614 silly ADD node_modules/xmlbuilder
615 silly ADD node_modules/base64-js
616 silly ADD node_modules/@xmldom/xmldom
617 silly ADD node_modules/is-wsl
618 silly ADD node_modules/is-docker
619 silly ADD node_modules/define-lazy-prop
620 silly ADD node_modules/sax
621 silly ADD node_modules/big-integer
622 silly ADD node_modules/yauzl
623 silly ADD node_modules/through2
624 silly ADD node_modules/split2
625 silly ADD node_modules/ini
626 silly ADD node_modules/elementtree
627 silly ADD node_modules/bplist-parser
628 silly ADD node_modules/universalify
629 silly ADD node_modules/jsonfile
630 silly ADD node_modules/graceful-fs
631 silly ADD node_modules/ms
632 silly ADD node_modules/which
633 silly ADD node_modules/shebang-command
634 silly ADD node_modules/path-key
635 silly ADD node_modules/undici-types
636 silly ADD node_modules/@types/node
637 silly ADD node_modules/wrap-ansi
638 silly ADD node_modules/untildify
639 silly ADD node_modules/strip-ansi
640 silly ADD node_modules/string-width
641 silly ADD node_modules/slice-ansi
642 silly ADD node_modules/@types/slice-ansi
643 silly ADD node_modules/tree-kill
644 silly ADD node_modules/signal-exit
645 silly ADD node_modules/@ionic/utils-object
646 silly ADD node_modules/@types/fs-extra
647 silly ADD node_modules/cross-spawn
648 silly ADD node_modules/@ionic/utils-stream
649 silly ADD node_modules/@ionic/utils-process
650 silly ADD node_modules/@ionic/utils-fs
651 silly ADD node_modules/@ionic/utils-fs/node_modules/fs-extra
652 silly ADD node_modules/@ionic/utils-array
653 silly ADD node_modules/xml2js
654 silly ADD node_modules/xml2js/node_modules/xmlbuilder
655 silly ADD node_modules/tslib
656 silly ADD node_modules/tar
657 silly ADD node_modules/semver
658 silly ADD node_modules/rimraf
659 silly ADD node_modules/prompts
660 silly ADD node_modules/prompts/node_modules/kleur
661 silly ADD node_modules/plist
662 silly ADD node_modules/open
663 silly ADD node_modules/native-run
664 silly ADD node_modules/kleur
665 silly ADD node_modules/fs-extra
666 silly ADD node_modules/env-paths
667 silly ADD node_modules/debug
668 silly ADD node_modules/commander
669 silly ADD node_modules/@ionic/utils-terminal
670 silly ADD node_modules/@ionic/utils-subprocess
671 silly ADD node_modules/@ionic/cli-framework-output
672 silly ADD node_modules/@capacitor/core
673 silly ADD node_modules/@capacitor/cli
674 silly ADD node_modules/@capacitor/android
675 verbose cwd /home/maayanngoma/SimbaApp
676 verbose os Linux 6.6.99-09128-g14e87a8a9b71
677 verbose node v24.14.1
678 verbose npm  v11.11.0
679 verbose exit 0
680 info ok
